[0.032s] Invoking command in '/home/abc/MDH/ros_ws/build/motor_control_v2': AMENT_PREFIX_PATH=/home/abc/MDH/ros_ws/install/motor_control_command_msgs:${AMENT_PREFIX_PATH} CMAKE_PREFIX_PATH=/home/abc/MDH/ros_ws/install/motor_control_command_msgs:/opt/ros/humble LD_LIBRARY_PATH=/home/abc/MDH/ros_ws/install/motor_control_command_msgs/lib:${LD_LIBRARY_PATH} PYTHONPATH=/home/abc/MDH/ros_ws/install/motor_control_command_msgs/local/lib/python3.10/dist-packages:${PYTHONPATH} /usr/bin/cmake --build /home/abc/MDH/ros_ws/build/motor_control_v2 -- -j8 -l8
[0.085s] -- Found ament_cmake: 1.3.11 (/opt/ros/humble/share/ament_cmake/cmake)
[0.451s] -- Found rclcpp: 16.0.11 (/opt/ros/humble/share/rclcpp/cmake)
[0.509s] -- Found rosidl_generator_c: 3.1.6 (/opt/ros/humble/share/rosidl_generator_c/cmake)
[0.513s] -- Found rosidl_adapter: 3.1.6 (/opt/ros/humble/share/rosidl_adapter/cmake)
[0.526s] -- Found rosidl_generator_cpp: 3.1.6 (/opt/ros/humble/share/rosidl_generator_cpp/cmake)
[0.544s] -- Using all available rosidl_typesupport_c: rosidl_typesupport_fastrtps_c;rosidl_typesupport_introspection_c
[0.567s] -- Using all available rosidl_typesupport_cpp: rosidl_typesupport_fastrtps_cpp;rosidl_typesupport_introspection_cpp
[0.629s] -- Found rmw_implementation_cmake: 6.1.2 (/opt/ros/humble/share/rmw_implementation_cmake/cmake)
[0.633s] -- Found rmw_fastrtps_cpp: 6.2.7 (/opt/ros/humble/share/rmw_fastrtps_cpp/cmake)
[0.831s] -- Using RMW implementation 'rmw_fastrtps_cpp' as default
[0.964s] -- Found rclpy: 3.3.15 (/opt/ros/humble/share/rclpy/cmake)
[0.965s] -- Found motor_control_command_msgs: 0.0.0 (/home/abc/MDH/ros_ws/install/motor_control_command_msgs/share/motor_control_command_msgs/cmake)
[1.204s] -- Configuring done
[1.266s] -- Generating done
[1.277s] -- Build files have been written to: /home/abc/MDH/ros_ws/build/motor_control_v2
[1.346s] [35m[1mConsolidate compiler generated dependencies of target motor_control_node[0m
[1.419s] [ 12%] [32mBuilding CXX object CMakeFiles/motor_control_node.dir/src/main.cpp.o[0m
[1.419s] [ 25%] [32mBuilding CXX object CMakeFiles/motor_control_node.dir/src/serial_communication.cpp.o[0m
[1.424s] [ 37%] [32mBuilding CXX object CMakeFiles/motor_control_node.dir/src/ros2_communication.cpp.o[0m
[1.465s] [ 62%] [32mBuilding CXX object CMakeFiles/motor_control_node.dir/home/abc/MDH/thirdparty/serial/src/Serial.cpp.o[0m
[1.465s] [ 62%] [32mBuilding CXX object CMakeFiles/motor_control_node.dir/src/motor_config.cpp.o[0m
[1.465s] [ 75%] [32mBuilding CXX object CMakeFiles/motor_control_node.dir/home/abc/MDH/thirdparty/serial/src/SerialImplUnix.cpp.o[0m
[1.477s] [ 87%] [32mBuilding CXX object CMakeFiles/motor_control_node.dir/src/http_server.cpp.o[0m
[2.612s] In file included from [01m[K/home/abc/MDH/ros_ws/src/motor_control_v2/src/serial_communication.cpp:1[m[K:
[2.613s] [01m[K/home/abc/MDH/ros_ws/src/motor_control_v2/include/motor_control_v2/serial_communication.hpp:7:10:[m[K [01;31m[Kfatal error: [m[Krmf_utils/impl_ptr.hpp: Ê≤°ÊúâÈÇ£‰∏™Êñá‰ª∂ÊàñÁõÆÂΩï
[2.613s]     7 | #include [01;31m[K"rmf_utils/impl_ptr.hpp"[m[K
[2.613s]       |          [01;31m[K^~~~~~~~~~~~~~~~~~~~~~~~[m[K
[2.613s] compilation terminated.
[2.649s] gmake[2]: *** [CMakeFiles/motor_control_node.dir/build.make:104ÔºöCMakeFiles/motor_control_node.dir/src/serial_communication.cpp.o] ÈîôËØØ 1
[2.649s] gmake[2]: *** Ê≠£Âú®Á≠âÂæÖÊú™ÂÆåÊàêÁöÑ‰ªªÂä°....
[2.962s] In file included from [01m[K/home/abc/MDH/ros_ws/src/motor_control_v2/src/main.cpp:3[m[K:
[2.963s] [01m[K/home/abc/MDH/ros_ws/src/motor_control_v2/include/motor_control_v2/serial_communication.hpp:7:10:[m[K [01;31m[Kfatal error: [m[Krmf_utils/impl_ptr.hpp: Ê≤°ÊúâÈÇ£‰∏™Êñá‰ª∂ÊàñÁõÆÂΩï
[2.963s]     7 | #include [01;31m[K"rmf_utils/impl_ptr.hpp"[m[K
[2.963s]       |          [01;31m[K^~~~~~~~~~~~~~~~~~~~~~~~[m[K
[2.963s] compilation terminated.
[2.982s] gmake[2]: *** [CMakeFiles/motor_control_node.dir/build.make:76ÔºöCMakeFiles/motor_control_node.dir/src/main.cpp.o] ÈîôËØØ 1
[9.588s] [01m[K/home/abc/MDH/ros_ws/src/motor_control_v2/src/motor_config.cpp:[m[K In member function ‚Äò[01m[Kvoid MotorConfig::update_motor_status(const string&)[m[K‚Äô:
[9.588s] [01m[K/home/abc/MDH/ros_ws/src/motor_control_v2/src/motor_config.cpp:38:58:[m[K [01;35m[Kwarning: [m[Kunused parameter ‚Äò[01m[Kfeedback[m[K‚Äô [[01;35m[K]8;;https://gcc.gnu.org/onlinedocs/gcc/Warning-Options.html#index-Wunused-parameter-Wunused-parameter]8;;[m[K]
[9.588s]    38 | void MotorConfig::update_motor_status([01;35m[Kconst std::string &feedback[m[K)
[9.588s]       |                                       [01;35m[K~~~~~~~~~~~~~~~~~~~^~~~~~~~[m[K
[11.236s] [01m[K/home/abc/MDH/ros_ws/src/motor_control_v2/src/http_server.cpp:[m[K In lambda function:
[11.237s] [01m[K/home/abc/MDH/ros_ws/src/motor_control_v2/src/http_server.cpp:25:63:[m[K [01;35m[Kwarning: [m[Kunused parameter ‚Äò[01m[Kreq[m[K‚Äô [[01;35m[K]8;;https://gcc.gnu.org/onlinedocs/gcc/Warning-Options.html#index-Wunused-parameter-Wunused-parameter]8;;[m[K]
[11.237s]    25 |     server.Get("/motor/state", [this]([01;35m[Kconst httplib::Request &req[m[K, httplib::Response &res)
[11.237s]       |                                       [01;35m[K~~~~~~~~~~~~~~~~~~~~~~~~^~~[m[K
[11.239s] [01m[K/home/abc/MDH/ros_ws/src/motor_control_v2/src/http_server.cpp:[m[K In member function ‚Äò[01m[Kvoid HttpServerNode::handle_post(const httplib::Request&, httplib::Response&)[m[K‚Äô:
[11.239s] [01m[K/home/abc/MDH/ros_ws/src/motor_control_v2/src/http_server.cpp:36:58:[m[K [01;35m[Kwarning: [m[Kunused parameter ‚Äò[01m[Kreq[m[K‚Äô [[01;35m[K]8;;https://gcc.gnu.org/onlinedocs/gcc/Warning-Options.html#index-Wunused-parameter-Wunused-parameter]8;;[m[K]
[11.239s]    36 | void HttpServerNode::handle_post([01;35m[Kconst httplib::Request &req[m[K, httplib::Response &res)
[11.240s]       |                                  [01;35m[K~~~~~~~~~~~~~~~~~~~~~~~~^~~[m[K
[11.240s] [01m[K/home/abc/MDH/ros_ws/src/motor_control_v2/src/http_server.cpp:36:82:[m[K [01;35m[Kwarning: [m[Kunused parameter ‚Äò[01m[Kres[m[K‚Äô [[01;35m[K]8;;https://gcc.gnu.org/onlinedocs/gcc/Warning-Options.html#index-Wunused-parameter-Wunused-parameter]8;;[m[K]
[11.240s]    36 | void HttpServerNode::handle_post(const httplib::Request &req, [01;35m[Khttplib::Response &res[m[K)
[11.240s]       |                                                               [01;35m[K~~~~~~~~~~~~~~~~~~~^~~[m[K
[11.240s] [01m[K/home/abc/MDH/ros_ws/src/motor_control_v2/src/http_server.cpp:[m[K In member function ‚Äò[01m[Kjson HttpServerNode::get_motor_status()[m[K‚Äô:
[11.240s] [01m[K/home/abc/MDH/ros_ws/src/motor_control_v2/src/http_server.cpp:44:1:[m[K [01;35m[Kwarning: [m[Kno return statement in function returning non-void [[01;35m[K]8;;https://gcc.gnu.org/onlinedocs/gcc/Warning-Options.html#index-Wreturn-type-Wreturn-type]8;;[m[K]
[11.240s]    44 | [01;35m[K}[m[K
[11.240s]       | [01;35m[K^[m[K
[19.466s] gmake[1]: *** [CMakeFiles/Makefile2:137ÔºöCMakeFiles/motor_control_node.dir/all] ÈîôËØØ 2
[19.466s] gmake: *** [Makefile:146Ôºöall] ÈîôËØØ 2
[19.470s] Invoked command in '/home/abc/MDH/ros_ws/build/motor_control_v2' returned '2': AMENT_PREFIX_PATH=/home/abc/MDH/ros_ws/install/motor_control_command_msgs:${AMENT_PREFIX_PATH} CMAKE_PREFIX_PATH=/home/abc/MDH/ros_ws/install/motor_control_command_msgs:/opt/ros/humble LD_LIBRARY_PATH=/home/abc/MDH/ros_ws/install/motor_control_command_msgs/lib:${LD_LIBRARY_PATH} PYTHONPATH=/home/abc/MDH/ros_ws/install/motor_control_command_msgs/local/lib/python3.10/dist-packages:${PYTHONPATH} /usr/bin/cmake --build /home/abc/MDH/ros_ws/build/motor_control_v2 -- -j8 -l8
