[0.020s] Invoking command in '/home/abc/MDH/ros_ws/build/motor_control_v2': AMENT_PREFIX_PATH=/home/abc/MDH/ros_ws/install/motor_control_command_msgs:${AMENT_PREFIX_PATH} CMAKE_PREFIX_PATH=/home/abc/MDH/ros_ws/install/motor_control_command_msgs:/opt/ros/humble LD_LIBRARY_PATH=/home/abc/MDH/ros_ws/install/motor_control_command_msgs/lib:${LD_LIBRARY_PATH} PYTHONPATH=/home/abc/MDH/ros_ws/install/motor_control_command_msgs/local/lib/python3.10/dist-packages:${PYTHONPATH} /usr/bin/cmake --build /home/abc/MDH/ros_ws/build/motor_control_v2 -- -j8 -l8
[0.047s] -- Found ament_cmake: 1.3.11 (/opt/ros/humble/share/ament_cmake/cmake)
[0.223s] -- Found rclcpp: 16.0.11 (/opt/ros/humble/share/rclcpp/cmake)
[0.245s] -- Found rosidl_generator_c: 3.1.6 (/opt/ros/humble/share/rosidl_generator_c/cmake)
[0.247s] -- Found rosidl_adapter: 3.1.6 (/opt/ros/humble/share/rosidl_adapter/cmake)
[0.252s] -- Found rosidl_generator_cpp: 3.1.6 (/opt/ros/humble/share/rosidl_generator_cpp/cmake)
[0.266s] -- Using all available rosidl_typesupport_c: rosidl_typesupport_fastrtps_c;rosidl_typesupport_introspection_c
[0.283s] -- Using all available rosidl_typesupport_cpp: rosidl_typesupport_fastrtps_cpp;rosidl_typesupport_introspection_cpp
[0.326s] -- Found rmw_implementation_cmake: 6.1.2 (/opt/ros/humble/share/rmw_implementation_cmake/cmake)
[0.327s] -- Found rmw_fastrtps_cpp: 6.2.7 (/opt/ros/humble/share/rmw_fastrtps_cpp/cmake)
[0.432s] -- Using RMW implementation 'rmw_fastrtps_cpp' as default
[0.499s] -- Found rclpy: 3.3.15 (/opt/ros/humble/share/rclpy/cmake)
[0.499s] -- Found motor_control_command_msgs: 0.0.0 (/home/abc/MDH/ros_ws/install/motor_control_command_msgs/share/motor_control_command_msgs/cmake)
[0.622s] -- Configuring done
[0.635s] -- Generating done
[0.642s] -- Build files have been written to: /home/abc/MDH/ros_ws/build/motor_control_v2
[0.680s] [35m[1mConsolidate compiler generated dependencies of target motor_control_node[0m
[0.723s] [ 25%] [32mBuilding CXX object CMakeFiles/motor_control_node.dir/src/main.cpp.o[0m
[0.723s] [ 25%] [32mBuilding CXX object CMakeFiles/motor_control_node.dir/src/motor_config.cpp.o[0m
[0.724s] [ 37%] [32mBuilding CXX object CMakeFiles/motor_control_node.dir/src/http_server.cpp.o[0m
[0.729s] [ 50%] [32mBuilding CXX object CMakeFiles/motor_control_node.dir/src/serial_communication.cpp.o[0m
[0.732s] [ 62%] [32mBuilding CXX object CMakeFiles/motor_control_node.dir/home/abc/MDH/thirdparty/serial/src/SerialImplUnix.cpp.o[0m
[0.732s] [ 75%] [32mBuilding CXX object CMakeFiles/motor_control_node.dir/home/abc/MDH/thirdparty/serial/src/Serial.cpp.o[0m
[0.732s] [ 87%] [32mBuilding CXX object CMakeFiles/motor_control_node.dir/src/ros2_communication.cpp.o[0m
[6.440s] In file included from [01m[K/opt/ros/humble/include/rclcpp/rclcpp/logging.hpp:24[m[K,
[6.441s]                  from [01m[K/opt/ros/humble/include/rclcpp/rclcpp/client.hpp:40[m[K,
[6.441s]                  from [01m[K/opt/ros/humble/include/rclcpp/rclcpp/callback_group.hpp:24[m[K,
[6.441s]                  from [01m[K/opt/ros/humble/include/rclcpp/rclcpp/any_executable.hpp:20[m[K,
[6.441s]                  from [01m[K/opt/ros/humble/include/rclcpp/rclcpp/memory_strategy.hpp:25[m[K,
[6.445s]                  from [01m[K/opt/ros/humble/include/rclcpp/rclcpp/memory_strategies.hpp:18[m[K,
[6.446s]                  from [01m[K/opt/ros/humble/include/rclcpp/rclcpp/executor_options.hpp:20[m[K,
[6.447s]                  from [01m[K/opt/ros/humble/include/rclcpp/rclcpp/executor.hpp:37[m[K,
[6.448s]                  from [01m[K/opt/ros/humble/include/rclcpp/rclcpp/executors/multi_threaded_executor.hpp:25[m[K,
[6.449s]                  from [01m[K/opt/ros/humble/include/rclcpp/rclcpp/executors.hpp:21[m[K,
[6.450s]                  from [01m[K/opt/ros/humble/include/rclcpp/rclcpp/rclcpp.hpp:155[m[K,
[6.451s]                  from [01m[K/home/abc/MDH/ros_ws/src/motor_control_v2/include/motor_control_v2/serial_communication.hpp:4[m[K,
[6.452s]                  from [01m[K/home/abc/MDH/ros_ws/src/motor_control_v2/src/serial_communication.cpp:1[m[K:
[6.453s] [01m[K/home/abc/MDH/ros_ws/src/motor_control_v2/src/serial_communication.cpp:[m[K In member function ‚Äò[01m[Kvoid motor_control_v2::SerialCommunication::Implementation::initSerialPort()[m[K‚Äô:
[6.454s] [01m[K/home/abc/MDH/ros_ws/src/motor_control_v2/src/serial_communication.cpp:49:46:[m[K [01;35m[Kwarning: [m[Kformat ‚Äò[01m[K%s[m[K‚Äô expects a matching ‚Äò[01m[Kchar*[m[K‚Äô argument [[01;35m[K]8;;https://gcc.gnu.org/onlinedocs/gcc/Warning-Options.html#index-Wformat=-Wformat=]8;;[m[K]
[6.455s]    49 |             RCLCPP_INFO(node_->get_logger(), [01;35m[K"Serial port opened successfully at %s with baud rate %d"[m[K);
[6.456s]       |                                              [01;35m[K^~~~~~~~~~~~~~~~~~~~~~~~~~~~~~~~~~~~~~~~~~~~~~~~~~~~~~~~~[m[K
[6.457s] [01m[K/home/abc/MDH/ros_ws/src/motor_control_v2/src/serial_communication.cpp:49:83:[m[K [01;36m[Knote: [m[Kformat string is defined here
[6.458s]    49 |             RCLCPP_INFO(node_->get_logger(), "Serial port opened successfully at [01;36m[K%s[m[K with baud rate %d");
[6.459s]       |                                                                                  [01;36m[K~^[m[K
[6.460s]       |                                                                                   [01;36m[K|[m[K
[6.461s]       |                                                                                   [01;36m[Kchar*[m[K
[6.461s] In file included from [01m[K/opt/ros/humble/include/rclcpp/rclcpp/logging.hpp:24[m[K,
[6.461s]                  from [01m[K/opt/ros/humble/include/rclcpp/rclcpp/client.hpp:40[m[K,
[6.461s]                  from [01m[K/opt/ros/humble/include/rclcpp/rclcpp/callback_group.hpp:24[m[K,
[6.461s]                  from [01m[K/opt/ros/humble/include/rclcpp/rclcpp/any_executable.hpp:20[m[K,
[6.462s]                  from [01m[K/opt/ros/humble/include/rclcpp/rclcpp/memory_strategy.hpp:25[m[K,
[6.462s]                  from [01m[K/opt/ros/humble/include/rclcpp/rclcpp/memory_strategies.hpp:18[m[K,
[6.462s]                  from [01m[K/opt/ros/humble/include/rclcpp/rclcpp/executor_options.hpp:20[m[K,
[6.462s]                  from [01m[K/opt/ros/humble/include/rclcpp/rclcpp/executor.hpp:37[m[K,
[6.462s]                  from [01m[K/opt/ros/humble/include/rclcpp/rclcpp/executors/multi_threaded_executor.hpp:25[m[K,
[6.462s]                  from [01m[K/opt/ros/humble/include/rclcpp/rclcpp/executors.hpp:21[m[K,
[6.462s]                  from [01m[K/opt/ros/humble/include/rclcpp/rclcpp/rclcpp.hpp:155[m[K,
[6.462s]                  from [01m[K/home/abc/MDH/ros_ws/src/motor_control_v2/include/motor_control_v2/serial_communication.hpp:4[m[K,
[6.462s]                  from [01m[K/home/abc/MDH/ros_ws/src/motor_control_v2/src/serial_communication.cpp:1[m[K:
[6.463s] [01m[K/home/abc/MDH/ros_ws/src/motor_control_v2/src/serial_communication.cpp:49:46:[m[K [01;35m[Kwarning: [m[Kformat ‚Äò[01m[K%d[m[K‚Äô expects a matching ‚Äò[01m[Kint[m[K‚Äô argument [[01;35m[K]8;;https://gcc.gnu.org/onlinedocs/gcc/Warning-Options.html#index-Wformat=-Wformat=]8;;[m[K]
[6.463s]    49 |             RCLCPP_INFO(node_->get_logger(), [01;35m[K"Serial port opened successfully at %s with baud rate %d"[m[K);
[6.463s]       |                                              [01;35m[K^~~~~~~~~~~~~~~~~~~~~~~~~~~~~~~~~~~~~~~~~~~~~~~~~~~~~~~~~[m[K
[6.463s] [01m[K/home/abc/MDH/ros_ws/src/motor_control_v2/src/serial_communication.cpp:49:101:[m[K [01;36m[Knote: [m[Kformat string is defined here
[6.463s]    49 |             RCLCPP_INFO(node_->get_logger(), "Serial port opened successfully at %s with baud rate [01;36m[K%d[m[K");
[6.463s]       |                                                                                                    [01;36m[K~^[m[K
[6.463s]       |                                                                                                     [01;36m[K|[m[K
[6.463s]       |                                                                                                     [01;36m[Kint[m[K
[6.463s] [01m[K/home/abc/MDH/ros_ws/src/motor_control_v2/src/serial_communication.cpp:[m[K In member function ‚Äò[01m[Kstd::vector<unsigned char, std::allocator<unsigned char> > motor_control_v2::SerialCommunication::Implementation::get_feedback_from_motor(int)[m[K‚Äô:
[6.464s] [01m[K/home/abc/MDH/ros_ws/src/motor_control_v2/src/serial_communication.cpp:79:13:[m[K [01;31m[Kerror: [m[Kreturn-statement with no value, in function returning ‚Äò[01m[Kstd::vector<unsigned char, std::allocator<unsigned char> >[m[K‚Äô [[01;31m[K]8;;https://gcc.gnu.org/onlinedocs/gcc/Warning-Options.html#index-fpermissive-fpermissive]8;;[m[K]
[6.464s]    79 |             [01;31m[Kreturn[m[K;
[6.464s]       |             [01;31m[K^~~~~~[m[K
[6.464s] [01m[K/home/abc/MDH/ros_ws/src/motor_control_v2/src/serial_communication.cpp:86:13:[m[K [01;31m[Kerror: [m[Kreturn-statement with no value, in function returning ‚Äò[01m[Kstd::vector<unsigned char, std::allocator<unsigned char> >[m[K‚Äô [[01;31m[K]8;;https://gcc.gnu.org/onlinedocs/gcc/Warning-Options.html#index-fpermissive-fpermissive]8;;[m[K]
[6.464s]    86 |             [01;31m[Kreturn[m[K;
[6.464s]       |             [01;31m[K^~~~~~[m[K
[6.465s] [01m[K/home/abc/MDH/ros_ws/src/motor_control_v2/src/serial_communication.cpp:[m[K In member function ‚Äò[01m[Kstd::vector<unsigned char, std::allocator<unsigned char> > motor_control_v2::SerialCommunication::Implementation::get_feedback_from_motor_Ms(int)[m[K‚Äô:
[6.466s] [01m[K/home/abc/MDH/ros_ws/src/motor_control_v2/src/serial_communication.cpp:102:13:[m[K [01;31m[Kerror: [m[Kreturn-statement with no value, in function returning ‚Äò[01m[Kstd::vector<unsigned char, std::allocator<unsigned char> >[m[K‚Äô [[01;31m[K]8;;https://gcc.gnu.org/onlinedocs/gcc/Warning-Options.html#index-fpermissive-fpermissive]8;;[m[K]
[6.466s]   102 |             [01;31m[Kreturn[m[K;
[6.466s]       |             [01;31m[K^~~~~~[m[K
[6.466s] [01m[K/home/abc/MDH/ros_ws/src/motor_control_v2/src/serial_communication.cpp:109:13:[m[K [01;31m[Kerror: [m[Kreturn-statement with no value, in function returning ‚Äò[01m[Kstd::vector<unsigned char, std::allocator<unsigned char> >[m[K‚Äô [[01;31m[K]8;;https://gcc.gnu.org/onlinedocs/gcc/Warning-Options.html#index-fpermissive-fpermissive]8;;[m[K]
[6.466s]   109 |             [01;31m[Kreturn[m[K;
[6.466s]       |             [01;31m[K^~~~~~[m[K
[6.466s] [01m[K/home/abc/MDH/ros_ws/src/motor_control_v2/src/serial_communication.cpp:[m[K At global scope:
[6.466s] [01m[K/home/abc/MDH/ros_ws/src/motor_control_v2/src/serial_communication.cpp:187:47:[m[K [01;31m[Kerror: [m[Kdefinition of implicitly-declared ‚Äò[01m[Kmotor_control_v2::SerialCommunication::~SerialCommunication()[m[K‚Äô
[6.466s]   187 |     SerialCommunication::~SerialCommunication([01;31m[K)[m[K
[6.466s]       |                                               [01;31m[K^[m[K
[6.728s] [01m[K/home/abc/MDH/ros_ws/src/motor_control_v2/src/motor_config.cpp:[m[K In member function ‚Äò[01m[Kvoid MotorConfig::update_motor_status(const string&)[m[K‚Äô:
[6.729s] [01m[K/home/abc/MDH/ros_ws/src/motor_control_v2/src/motor_config.cpp:38:58:[m[K [01;35m[Kwarning: [m[Kunused parameter ‚Äò[01m[Kfeedback[m[K‚Äô [[01;35m[K]8;;https://gcc.gnu.org/onlinedocs/gcc/Warning-Options.html#index-Wunused-parameter-Wunused-parameter]8;;[m[K]
[6.729s]    38 | void MotorConfig::update_motor_status([01;35m[Kconst std::string &feedback[m[K)
[6.729s]       |                                       [01;35m[K~~~~~~~~~~~~~~~~~~~^~~~~~~~[m[K
[7.375s] gmake[2]: *** [CMakeFiles/motor_control_node.dir/build.make:104ÔºöCMakeFiles/motor_control_node.dir/src/serial_communication.cpp.o] ÈîôËØØ 1
[7.375s] gmake[2]: *** Ê≠£Âú®Á≠âÂæÖÊú™ÂÆåÊàêÁöÑ‰ªªÂä°....
[8.421s] [01m[K/home/abc/MDH/ros_ws/src/motor_control_v2/src/http_server.cpp:[m[K In lambda function:
[8.421s] [01m[K/home/abc/MDH/ros_ws/src/motor_control_v2/src/http_server.cpp:25:63:[m[K [01;35m[Kwarning: [m[Kunused parameter ‚Äò[01m[Kreq[m[K‚Äô [[01;35m[K]8;;https://gcc.gnu.org/onlinedocs/gcc/Warning-Options.html#index-Wunused-parameter-Wunused-parameter]8;;[m[K]
[8.421s]    25 |     server.Get("/motor/state", [this]([01;35m[Kconst httplib::Request &req[m[K, httplib::Response &res)
[8.421s]       |                                       [01;35m[K~~~~~~~~~~~~~~~~~~~~~~~~^~~[m[K
[8.423s] [01m[K/home/abc/MDH/ros_ws/src/motor_control_v2/src/http_server.cpp:[m[K In member function ‚Äò[01m[Kvoid HttpServerNode::handle_post(const httplib::Request&, httplib::Response&)[m[K‚Äô:
[8.423s] [01m[K/home/abc/MDH/ros_ws/src/motor_control_v2/src/http_server.cpp:36:58:[m[K [01;35m[Kwarning: [m[Kunused parameter ‚Äò[01m[Kreq[m[K‚Äô [[01;35m[K]8;;https://gcc.gnu.org/onlinedocs/gcc/Warning-Options.html#index-Wunused-parameter-Wunused-parameter]8;;[m[K]
[8.423s]    36 | void HttpServerNode::handle_post([01;35m[Kconst httplib::Request &req[m[K, httplib::Response &res)
[8.424s]       |                                  [01;35m[K~~~~~~~~~~~~~~~~~~~~~~~~^~~[m[K
[8.424s] [01m[K/home/abc/MDH/ros_ws/src/motor_control_v2/src/http_server.cpp:36:82:[m[K [01;35m[Kwarning: [m[Kunused parameter ‚Äò[01m[Kres[m[K‚Äô [[01;35m[K]8;;https://gcc.gnu.org/onlinedocs/gcc/Warning-Options.html#index-Wunused-parameter-Wunused-parameter]8;;[m[K]
[8.424s]    36 | void HttpServerNode::handle_post(const httplib::Request &req, [01;35m[Khttplib::Response &res[m[K)
[8.424s]       |                                                               [01;35m[K~~~~~~~~~~~~~~~~~~~^~~[m[K
[8.424s] [01m[K/home/abc/MDH/ros_ws/src/motor_control_v2/src/http_server.cpp:[m[K In member function ‚Äò[01m[Kjson HttpServerNode::get_motor_status()[m[K‚Äô:
[8.424s] [01m[K/home/abc/MDH/ros_ws/src/motor_control_v2/src/http_server.cpp:44:1:[m[K [01;35m[Kwarning: [m[Kno return statement in function returning non-void [[01;35m[K]8;;https://gcc.gnu.org/onlinedocs/gcc/Warning-Options.html#index-Wreturn-type-Wreturn-type]8;;[m[K]
[8.424s]    44 | [01;35m[K}[m[K
[8.424s]       | [01;35m[K^[m[K
[8.550s] [01m[K/home/abc/MDH/ros_ws/src/motor_control_v2/src/main.cpp:[m[K In function ‚Äò[01m[Kint main(int, char**)[m[K‚Äô:
[8.550s] [01m[K/home/abc/MDH/ros_ws/src/motor_control_v2/src/main.cpp:15:5:[m[K [01;31m[Kerror: [m[K‚Äò[01m[KSerialCommunication[m[K‚Äô was not declared in this scope; did you mean ‚Äò[01m[Kmotor_control_v2::SerialCommunication[m[K‚Äô?
[8.550s]    15 |     [01;31m[KSerialCommunication[m[K serial_comm(node, motor_config.get_serial_port().c_str(), motor_config.get_baud_rate());
[8.550s]       |     [01;31m[K^~~~~~~~~~~~~~~~~~~[m[K
[8.550s]       |     [32m[Kmotor_control_v2::SerialCommunication[m[K
[8.550s] In file included from [01m[K/home/abc/MDH/ros_ws/src/motor_control_v2/src/main.cpp:3[m[K:
[8.550s] [01m[K/home/abc/MDH/ros_ws/src/motor_control_v2/include/motor_control_v2/serial_communication.hpp:11:7:[m[K [01;36m[Knote: [m[K‚Äò[01m[Kmotor_control_v2::SerialCommunication[m[K‚Äô declared here
[8.550s]    11 | class [01;36m[KSerialCommunication[m[K
[8.550s]       |       [01;36m[K^~~~~~~~~~~~~~~~~~~[m[K
[11.636s] gmake[2]: *** [CMakeFiles/motor_control_node.dir/build.make:76ÔºöCMakeFiles/motor_control_node.dir/src/main.cpp.o] ÈîôËØØ 1
[15.423s] gmake[1]: *** [CMakeFiles/Makefile2:137ÔºöCMakeFiles/motor_control_node.dir/all] ÈîôËØØ 2
[15.423s] gmake: *** [Makefile:146Ôºöall] ÈîôËØØ 2
[15.426s] Invoked command in '/home/abc/MDH/ros_ws/build/motor_control_v2' returned '2': AMENT_PREFIX_PATH=/home/abc/MDH/ros_ws/install/motor_control_command_msgs:${AMENT_PREFIX_PATH} CMAKE_PREFIX_PATH=/home/abc/MDH/ros_ws/install/motor_control_command_msgs:/opt/ros/humble LD_LIBRARY_PATH=/home/abc/MDH/ros_ws/install/motor_control_command_msgs/lib:${LD_LIBRARY_PATH} PYTHONPATH=/home/abc/MDH/ros_ws/install/motor_control_command_msgs/local/lib/python3.10/dist-packages:${PYTHONPATH} /usr/bin/cmake --build /home/abc/MDH/ros_ws/build/motor_control_v2 -- -j8 -l8
