[0.012s] Invoking command in '/home/abc/MDH/ros_ws/build/motor_control_v2': AMENT_PREFIX_PATH=/home/abc/MDH/ros_ws/install/motor_control_command_msgs:${AMENT_PREFIX_PATH} CMAKE_PREFIX_PATH=/home/abc/MDH/ros_ws/install/motor_control_command_msgs:/opt/ros/humble LD_LIBRARY_PATH=/home/abc/MDH/ros_ws/install/motor_control_command_msgs/lib:${LD_LIBRARY_PATH} PYTHONPATH=/home/abc/MDH/ros_ws/install/motor_control_command_msgs/local/lib/python3.10/dist-packages:${PYTHONPATH} /usr/bin/cmake --build /home/abc/MDH/ros_ws/build/motor_control_v2 -- -j8 -l8
[0.068s] [35m[1mConsolidate compiler generated dependencies of target motor_control_node[0m
[0.106s] [ 22%] [32mBuilding CXX object CMakeFiles/motor_control_node.dir/src/main.cpp.o[0m
[0.106s] [ 22%] [32mBuilding CXX object CMakeFiles/motor_control_node.dir/src/motor_command.cpp.o[0m
[4.732s] [01m[K/home/abc/MDH/ros_ws/src/motor_control_v2/src/motor_command.cpp:[m[K In constructor ‚Äò[01m[Kmotor_control_v2::MotorCommand::MotorCommand(rclcpp::Node::SharedPtr, const string&, int)[m[K‚Äô:
[4.733s] [01m[K/home/abc/MDH/ros_ws/src/motor_control_v2/src/motor_command.cpp:37:39:[m[K [01;35m[Kwarning: [m[Kmissing initializer for member ‚Äò[01m[Kmotor_control_v2::MotorCommand::Implementation::serial_communication_[m[K‚Äô [[01;35m[K]8;;https://gcc.gnu.org/onlinedocs/gcc/Warning-Options.html#index-Wmissing-field-initializers-Wmissing-field-initializers]8;;[m[K]
[4.733s]    37 |                              baud_rate[01;35m[K}[m[K))
[4.733s]       |                                       [01;35m[K^[m[K
[4.816s] [01m[K/home/abc/MDH/ros_ws/src/motor_control_v2/src/motor_command.cpp:[m[K In member function ‚Äò[01m[Kvoid motor_control_v2::MotorCommand::Implementation::send_serial_command_async(std::vector<unsigned char>)[m[K‚Äô:
[4.816s] [01m[K/home/abc/MDH/ros_ws/src/motor_control_v2/src/motor_command.cpp:180:84:[m[K [01;35m[Kwarning: [m[Kignoring return value of ‚Äò[01m[Kstd::future<typename std::__invoke_result<typename std::decay<_Tp>::type, typename std::decay<_Args>::type ...>::type> std::async(std::launch, _Fn&&, _Args&& ...) [with _Fn = motor_control_v2::MotorCommand::Implementation::send_serial_command_async(std::vector<unsigned char>)::<lambda()>; _Args = {}; typename std::__invoke_result<typename std::decay<_Tp>::type, typename std::decay<_Args>::type ...>::type = void; typename std::decay<_Tp>::type = std::decay<motor_control_v2::MotorCommand::Implementation::send_serial_command_async(std::vector<unsigned char>)::<lambda()> >::type][m[K‚Äô, declared with attribute ‚Äò[01m[Knodiscard[m[K‚Äô [[01;35m[K]8;;https://gcc.gnu.org/onlinedocs/gcc/Warning-Options.html#index-Wunused-result-Wunused-result]8;;[m[K]
[4.816s]   180 |                    { serial_communication_->send_serial_command(command.data()); })[01;35m[K;[m[K
[4.817s]       |                                                                                    [01;35m[K^[m[K
[4.817s] In file included from [01m[K/opt/ros/humble/include/rclcpp/rclcpp/executors.hpp:18[m[K,
[4.817s]                  from [01m[K/opt/ros/humble/include/rclcpp/rclcpp/rclcpp.hpp:155[m[K,
[4.817s]                  from [01m[K/home/abc/MDH/ros_ws/src/motor_control_v2/include/motor_control_v2/motor_command.hpp:5[m[K,
[4.817s]                  from [01m[K/home/abc/MDH/ros_ws/src/motor_control_v2/src/motor_command.cpp:1[m[K:
[4.817s] [01m[K/usr/include/c++/11/future:1768:5:[m[K [01;36m[Knote: [m[Kdeclared here
[4.817s]  1768 |     [01;36m[Kasync[m[K(launch __policy, _Fn&& __fn, _Args&&... __args)
[4.818s]       |     [01;36m[K^~~~~[m[K
[5.292s] In file included from [01m[K/home/abc/MDH/ros_ws/src/motor_control_v2/include/motor_control_v2/motor_command.hpp:10[m[K,
[5.293s]                  from [01m[K/home/abc/MDH/ros_ws/src/motor_control_v2/src/motor_command.cpp:1[m[K:
[5.293s] /home/abc/MDH/ros_ws/src/motor_control_v2/../rmf_utils/rmf_utils/include/rmf_utils/impl_ptr.hpp: In instantiation of ‚Äò[01m[KT* rmf_utils::details::default_copy(const T*) [with T = motor_control_v2::MotorCommand::Implementation][m[K‚Äô:
[5.293s] [01m[K/home/abc/MDH/ros_ws/src/motor_control_v2/../rmf_utils/rmf_utils/include/rmf_utils/impl_ptr.hpp:479:10:[m[K   required from ‚Äò[01m[Krmf_utils::impl_ptr<T> rmf_utils::make_impl(Args&& ...) [with T = motor_control_v2::MotorCommand::Implementation; Args = {motor_control_v2::MotorCommand::Implementation}][m[K‚Äô
[5.293s] [01m[K/home/abc/MDH/ros_ws/src/motor_control_v2/src/motor_command.cpp:34:54:[m[K   required from here
[5.293s] [01m[K/home/abc/MDH/ros_ws/src/motor_control_v2/../rmf_utils/rmf_utils/include/rmf_utils/impl_ptr.hpp:43:10:[m[K [01;31m[Kerror: [m[Kuse of deleted function ‚Äò[01m[Kmotor_control_v2::MotorCommand::Implementation::Implementation(const motor_control_v2::MotorCommand::Implementation&)[m[K‚Äô
[5.293s]    43 |   return [01;31m[Knew T(*original)[m[K;
[5.293s]       |          [01;31m[K^~~~~~~~~~~~~~~~[m[K
[5.296s] [01m[K/home/abc/MDH/ros_ws/src/motor_control_v2/src/motor_command.cpp:6:25:[m[K [01;36m[Knote: [m[K‚Äò[01m[Kmotor_control_v2::MotorCommand::Implementation::Implementation(const motor_control_v2::MotorCommand::Implementation&)[m[K‚Äô is implicitly deleted because the default definition would be ill-formed:
[5.296s]     6 |     class MotorCommand::[01;36m[KImplementation[m[K
[5.296s]       |                         [01;36m[K^~~~~~~~~~~~~~[m[K
[5.296s] [01m[K/home/abc/MDH/ros_ws/src/motor_control_v2/src/motor_command.cpp:6:25:[m[K [01;31m[Kerror: [m[Kuse of deleted function ‚Äò[01m[Kstd::unique_ptr<_Tp, _Dp>::unique_ptr(const std::unique_ptr<_Tp, _Dp>&) [with _Tp = motor_control_v2::SerialCommunication; _Dp = std::default_delete<motor_control_v2::SerialCommunication>][m[K‚Äô
[5.297s] In file included from [01m[K/usr/include/c++/11/memory:76[m[K,
[5.297s]                  from [01m[K/home/abc/MDH/ros_ws/src/motor_control_v2/../../../thirdparty/json/include/nlohmann/json.hpp:29[m[K,
[5.297s]                  from [01m[K/home/abc/MDH/ros_ws/src/motor_control_v2/include/motor_control_v2/motor_command.hpp:4[m[K,
[5.297s]                  from [01m[K/home/abc/MDH/ros_ws/src/motor_control_v2/src/motor_command.cpp:1[m[K:
[5.297s] [01m[K/usr/include/c++/11/bits/unique_ptr.h:468:7:[m[K [01;36m[Knote: [m[Kdeclared here
[5.297s]   468 |       [01;36m[Kunique_ptr[m[K(const unique_ptr&) = delete;
[5.298s]       |       [01;36m[K^~~~~~~~~~[m[K
[6.476s] gmake[2]: *** [CMakeFiles/motor_control_node.dir/build.make:104ÔºöCMakeFiles/motor_control_node.dir/src/motor_command.cpp.o] ÈîôËØØ 1
[6.476s] gmake[2]: *** Ê≠£Âú®Á≠âÂæÖÊú™ÂÆåÊàêÁöÑ‰ªªÂä°....
[10.598s] gmake[1]: *** [CMakeFiles/Makefile2:137ÔºöCMakeFiles/motor_control_node.dir/all] ÈîôËØØ 2
[10.599s] gmake: *** [Makefile:146Ôºöall] ÈîôËØØ 2
[10.601s] Invoked command in '/home/abc/MDH/ros_ws/build/motor_control_v2' returned '2': AMENT_PREFIX_PATH=/home/abc/MDH/ros_ws/install/motor_control_command_msgs:${AMENT_PREFIX_PATH} CMAKE_PREFIX_PATH=/home/abc/MDH/ros_ws/install/motor_control_command_msgs:/opt/ros/humble LD_LIBRARY_PATH=/home/abc/MDH/ros_ws/install/motor_control_command_msgs/lib:${LD_LIBRARY_PATH} PYTHONPATH=/home/abc/MDH/ros_ws/install/motor_control_command_msgs/local/lib/python3.10/dist-packages:${PYTHONPATH} /usr/bin/cmake --build /home/abc/MDH/ros_ws/build/motor_control_v2 -- -j8 -l8
