[01m[K/home/abc/MDH/ros_ws/src/motor_control_v2/src/http_server.cpp:127:10:[m[K [01;31m[Kerror: [m[Kno declaration matches ‘[01m[Kjson motor_control_v2::HttpServerNode::get_motor_status()[m[K’
  127 |     json [01;31m[KHttpServerNode[m[K::get_motor_status()
      |          [01;31m[K^~~~~~~~~~~~~~[m[K
[01m[K/home/abc/MDH/ros_ws/src/motor_control_v2/src/http_server.cpp:127:10:[m[K [01;36m[Knote: [m[Kno functions named ‘[01m[Kjson motor_control_v2::HttpServerNode::get_motor_status()[m[K’
In file included from [01m[K/home/abc/MDH/ros_ws/src/motor_control_v2/src/http_server.cpp:1[m[K:
[01m[K/home/abc/MDH/ros_ws/src/motor_control_v2/include/motor_control_v2/http_server.hpp:20:11:[m[K [01;36m[Knote: [m[K‘[01m[Kclass motor_control_v2::HttpServerNode[m[K’ defined here
   20 |     class [01;36m[KHttpServerNode[m[K : public rclcpp::Node
      |           [01;36m[K^~~~~~~~~~~~~~[m[K
[01m[K/home/abc/MDH/ros_ws/src/motor_control_v2/src/main.cpp:[m[K In lambda function:
[01m[K/home/abc/MDH/ros_ws/src/motor_control_v2/src/main.cpp:46:113:[m[K [01;35m[Kwarning: [m[Kunused parameter ‘[01m[Kres[m[K’ [[01;35m[K]8;;https://gcc.gnu.org/onlinedocs/gcc/Warning-Options.html#index-Wunused-parameter-Wunused-parameter]8;;[m[K]
   46 | ate", [&motor_state_](const httplib::Request &, [01;35m[Khttplib::Response &res[m[K)
      |                                                 [01;35m[K~~~~~~~~~~~~~~~~~~~^~~[m[K

gmake[2]: *** [CMakeFiles/motor_control_node.dir/build.make:146：CMakeFiles/motor_control_node.dir/src/http_server.cpp.o] 错误 1
gmake[2]: *** 正在等待未完成的任务....
gmake[1]: *** [CMakeFiles/Makefile2:137：CMakeFiles/motor_control_node.dir/all] 错误 2
gmake: *** [Makefile:146：all] 错误 2
