[0.019s] Invoking command in '/home/abc/MDH/ros_ws/build/motor_control_v2': CMAKE_PREFIX_PATH=/home/abc/MDH/ros_ws/install/motor_control_command_msgs:/home/abc/MDH/ros_ws/install/rmf_utils:/home/abc/MDH/ros_ws/install/motor_status:/home/abc/MDH/ros_ws/install/motor_control_v2:/home/abc/MDH/ros_ws/install/motor_control:/opt/ros/humble LD_LIBRARY_PATH=/home/abc/MDH/ros_ws/install/motor_control_command_msgs/lib:/home/abc/MDH/ros_ws/install/rmf_utils/lib:/opt/ros/humble/opt/rviz_ogre_vendor/lib:/opt/ros/humble/lib/x86_64-linux-gnu:/opt/ros/humble/lib /usr/bin/cmake --build /home/abc/MDH/ros_ws/build/motor_control_v2 -- -j8 -l8
[0.072s] [35m[1mConsolidate compiler generated dependencies of target motor_control_node[0m
[0.102s] [ 11%] [32mBuilding CXX object CMakeFiles/motor_control_node.dir/src/http_server.cpp.o[0m
[0.102s] [ 22%] [32mBuilding CXX object CMakeFiles/motor_control_node.dir/src/main.cpp.o[0m
[4.643s] [01m[K/home/abc/MDH/ros_ws/src/motor_control_v2/src/http_server.cpp:127:10:[m[K [01;31m[Kerror: [m[Kno declaration matches ‚Äò[01m[Kjson motor_control_v2::HttpServerNode::get_motor_status()[m[K‚Äô
[4.643s]   127 |     json [01;31m[KHttpServerNode[m[K::get_motor_status()
[4.643s]       |          [01;31m[K^~~~~~~~~~~~~~[m[K
[4.644s] [01m[K/home/abc/MDH/ros_ws/src/motor_control_v2/src/http_server.cpp:127:10:[m[K [01;36m[Knote: [m[Kno functions named ‚Äò[01m[Kjson motor_control_v2::HttpServerNode::get_motor_status()[m[K‚Äô
[4.644s] In file included from [01m[K/home/abc/MDH/ros_ws/src/motor_control_v2/src/http_server.cpp:1[m[K:
[4.644s] [01m[K/home/abc/MDH/ros_ws/src/motor_control_v2/include/motor_control_v2/http_server.hpp:20:11:[m[K [01;36m[Knote: [m[K‚Äò[01m[Kclass motor_control_v2::HttpServerNode[m[K‚Äô defined here
[4.644s]    20 |     class [01;36m[KHttpServerNode[m[K : public rclcpp::Node
[4.644s]       |           [01;36m[K^~~~~~~~~~~~~~[m[K
[4.879s] [01m[K/home/abc/MDH/ros_ws/src/motor_control_v2/src/main.cpp:[m[K In lambda function:
[4.879s] [01m[K/home/abc/MDH/ros_ws/src/motor_control_v2/src/main.cpp:46:113:[m[K [01;35m[Kwarning: [m[Kunused parameter ‚Äò[01m[Kres[m[K‚Äô [[01;35m[K]8;;https://gcc.gnu.org/onlinedocs/gcc/Warning-Options.html#index-Wunused-parameter-Wunused-parameter]8;;[m[K]
[4.880s]    46 | ate", [&motor_state_](const httplib::Request &, [01;35m[Khttplib::Response &res[m[K)
[4.880s]       |                                                 [01;35m[K~~~~~~~~~~~~~~~~~~~^~~[m[K
[4.880s] 
[7.790s] gmake[2]: *** [CMakeFiles/motor_control_node.dir/build.make:146ÔºöCMakeFiles/motor_control_node.dir/src/http_server.cpp.o] ÈîôËØØ 1
[7.790s] gmake[2]: *** Ê≠£Âú®Á≠âÂæÖÊú™ÂÆåÊàêÁöÑ‰ªªÂä°....
[10.898s] gmake[1]: *** [CMakeFiles/Makefile2:137ÔºöCMakeFiles/motor_control_node.dir/all] ÈîôËØØ 2
[10.898s] gmake: *** [Makefile:146Ôºöall] ÈîôËØØ 2
[10.900s] Invoked command in '/home/abc/MDH/ros_ws/build/motor_control_v2' returned '2': CMAKE_PREFIX_PATH=/home/abc/MDH/ros_ws/install/motor_control_command_msgs:/home/abc/MDH/ros_ws/install/rmf_utils:/home/abc/MDH/ros_ws/install/motor_status:/home/abc/MDH/ros_ws/install/motor_control_v2:/home/abc/MDH/ros_ws/install/motor_control:/opt/ros/humble LD_LIBRARY_PATH=/home/abc/MDH/ros_ws/install/motor_control_command_msgs/lib:/home/abc/MDH/ros_ws/install/rmf_utils/lib:/opt/ros/humble/opt/rviz_ogre_vendor/lib:/opt/ros/humble/lib/x86_64-linux-gnu:/opt/ros/humble/lib /usr/bin/cmake --build /home/abc/MDH/ros_ws/build/motor_control_v2 -- -j8 -l8
