[0.006s] Invoking command in '/home/wq/MDH/ros_ws/build/motor_control_v2': AMENT_PREFIX_PATH=/home/wq/MDH/ros_ws/install/motor_control_command_msgs:${AMENT_PREFIX_PATH} CMAKE_PREFIX_PATH=/home/wq/MDH/ros_ws/install/motor_control_command_msgs:/opt/ros/humble LD_LIBRARY_PATH=/home/wq/MDH/ros_ws/install/motor_control_command_msgs/lib:${LD_LIBRARY_PATH} PYTHONPATH=/home/wq/MDH/ros_ws/install/motor_control_command_msgs/local/lib/python3.10/dist-packages:${PYTHONPATH} /usr/bin/cmake /home/wq/MDH/ros_ws/src/motor_control_v2 -DCMAKE_INSTALL_PREFIX=/home/wq/MDH/ros_ws/install/motor_control_v2
[0.042s] -- The C compiler identification is GNU 11.4.0
[0.081s] -- The CXX compiler identification is GNU 11.4.0
[0.085s] -- Detecting C compiler ABI info
[0.132s] -- Detecting C compiler ABI info - done
[0.137s] -- Check for working C compiler: /usr/bin/cc - skipped
[0.137s] -- Detecting C compile features
[0.137s] -- Detecting C compile features - done
[0.139s] -- Detecting CXX compiler ABI info
[0.193s] -- Detecting CXX compiler ABI info - done
[0.198s] -- Check for working CXX compiler: /usr/bin/c++ - skipped
[0.198s] -- Detecting CXX compile features
[0.198s] -- Detecting CXX compile features - done
[0.199s] -- Found ament_cmake: 1.3.11 (/opt/ros/humble/share/ament_cmake/cmake)
[0.306s] -- Found Python3: /usr/bin/python3 (found version "3.10.12") found components: Interpreter 
[0.366s] -- Found rclcpp: 16.0.11 (/opt/ros/humble/share/rclcpp/cmake)
[0.390s] -- Found rosidl_generator_c: 3.1.6 (/opt/ros/humble/share/rosidl_generator_c/cmake)
[0.393s] -- Found rosidl_adapter: 3.1.6 (/opt/ros/humble/share/rosidl_adapter/cmake)
[0.397s] -- Found rosidl_generator_cpp: 3.1.6 (/opt/ros/humble/share/rosidl_generator_cpp/cmake)
[0.404s] -- Using all available rosidl_typesupport_c: rosidl_typesupport_fastrtps_c;rosidl_typesupport_introspection_c
[0.413s] -- Using all available rosidl_typesupport_cpp: rosidl_typesupport_fastrtps_cpp;rosidl_typesupport_introspection_cpp
[0.438s] -- Found rmw_implementation_cmake: 6.1.2 (/opt/ros/humble/share/rmw_implementation_cmake/cmake)
[0.439s] -- Found rmw_fastrtps_cpp: 6.2.7 (/opt/ros/humble/share/rmw_fastrtps_cpp/cmake)
[0.491s] -- Found OpenSSL: /usr/lib/x86_64-linux-gnu/libcrypto.so (found version "3.0.2")  
[0.512s] -- Found FastRTPS: /opt/ros/humble/include  
[0.543s] -- Using RMW implementation 'rmw_fastrtps_cpp' as default
[0.548s] -- Looking for pthread.h
[0.600s] -- Looking for pthread.h - found
[0.600s] -- Performing Test CMAKE_HAVE_LIBC_PTHREAD
[0.649s] -- Performing Test CMAKE_HAVE_LIBC_PTHREAD - Success
[0.650s] -- Found Threads: TRUE  
[0.683s] -- Found rclpy: 3.3.15 (/opt/ros/humble/share/rclpy/cmake)
[0.683s] -- Found motor_control_command_msgs: 0.0.0 (/home/wq/MDH/ros_ws/install/motor_control_command_msgs/share/motor_control_command_msgs/cmake)
[0.734s] -- Configuring done
[0.740s] -- Generating done
[0.742s] -- Build files have been written to: /home/wq/MDH/ros_ws/build/motor_control_v2
[0.748s] Invoked command in '/home/wq/MDH/ros_ws/build/motor_control_v2' returned '0': AMENT_PREFIX_PATH=/home/wq/MDH/ros_ws/install/motor_control_command_msgs:${AMENT_PREFIX_PATH} CMAKE_PREFIX_PATH=/home/wq/MDH/ros_ws/install/motor_control_command_msgs:/opt/ros/humble LD_LIBRARY_PATH=/home/wq/MDH/ros_ws/install/motor_control_command_msgs/lib:${LD_LIBRARY_PATH} PYTHONPATH=/home/wq/MDH/ros_ws/install/motor_control_command_msgs/local/lib/python3.10/dist-packages:${PYTHONPATH} /usr/bin/cmake /home/wq/MDH/ros_ws/src/motor_control_v2 -DCMAKE_INSTALL_PREFIX=/home/wq/MDH/ros_ws/install/motor_control_v2
[0.749s] Invoking command in '/home/wq/MDH/ros_ws/build/motor_control_v2': AMENT_PREFIX_PATH=/home/wq/MDH/ros_ws/install/motor_control_command_msgs:${AMENT_PREFIX_PATH} CMAKE_PREFIX_PATH=/home/wq/MDH/ros_ws/install/motor_control_command_msgs:/opt/ros/humble LD_LIBRARY_PATH=/home/wq/MDH/ros_ws/install/motor_control_command_msgs/lib:${LD_LIBRARY_PATH} PYTHONPATH=/home/wq/MDH/ros_ws/install/motor_control_command_msgs/local/lib/python3.10/dist-packages:${PYTHONPATH} /usr/bin/cmake --build /home/wq/MDH/ros_ws/build/motor_control_v2 -- -j28 -l28
[0.783s] [  9%] [32mBuilding CXX object CMakeFiles/motor_control_node.dir/src/main.cpp.o[0m
[0.783s] [ 27%] [32mBuilding CXX object CMakeFiles/motor_control_node.dir/src/motor_config.cpp.o[0m
[0.783s] [ 27%] [32mBuilding CXX object CMakeFiles/motor_control_node.dir/src/Node.cpp.o[0m
[0.783s] [ 36%] [32mBuilding CXX object CMakeFiles/motor_control_node.dir/src/motor_command.cpp.o[0m
[0.783s] [ 45%] [32mBuilding CXX object CMakeFiles/motor_control_node.dir/src/internal_http_server.cpp.o[0m
[0.783s] [ 54%] [32mBuilding CXX object CMakeFiles/motor_control_node.dir/home/wq/MDH/thirdparty/serial/src/SerialImplUnix.cpp.o[0m
[0.784s] [ 63%] [32mBuilding CXX object CMakeFiles/motor_control_node.dir/src/serial_communication.cpp.o[0m
[0.784s] [ 72%] [32mBuilding CXX object CMakeFiles/motor_control_node.dir/src/ros2_communication.cpp.o[0m
[0.784s] [ 81%] [32mBuilding CXX object CMakeFiles/motor_control_node.dir/src/http_server.cpp.o[0m
[0.784s] [ 90%] [32mBuilding CXX object CMakeFiles/motor_control_node.dir/home/wq/MDH/thirdparty/serial/src/Serial.cpp.o[0m
[2.249s] In file included from [01m[K/opt/ros/humble/include/rclcpp/rclcpp/logging.hpp:24[m[K,
[2.249s]                  from [01m[K/opt/ros/humble/include/rclcpp/rclcpp/client.hpp:40[m[K,
[2.249s]                  from [01m[K/opt/ros/humble/include/rclcpp/rclcpp/callback_group.hpp:24[m[K,
[2.249s]                  from [01m[K/opt/ros/humble/include/rclcpp/rclcpp/any_executable.hpp:20[m[K,
[2.249s]                  from [01m[K/opt/ros/humble/include/rclcpp/rclcpp/memory_strategy.hpp:25[m[K,
[2.249s]                  from [01m[K/opt/ros/humble/include/rclcpp/rclcpp/memory_strategies.hpp:18[m[K,
[2.249s]                  from [01m[K/opt/ros/humble/include/rclcpp/rclcpp/executor_options.hpp:20[m[K,
[2.249s]                  from [01m[K/opt/ros/humble/include/rclcpp/rclcpp/executor.hpp:37[m[K,
[2.250s]                  from [01m[K/opt/ros/humble/include/rclcpp/rclcpp/executors/multi_threaded_executor.hpp:25[m[K,
[2.250s]                  from [01m[K/opt/ros/humble/include/rclcpp/rclcpp/executors.hpp:21[m[K,
[2.250s]                  from [01m[K/opt/ros/humble/include/rclcpp/rclcpp/rclcpp.hpp:155[m[K,
[2.250s]                  from [01m[K/home/wq/MDH/ros_ws/src/motor_control_v2/include/motor_control_v2/serial_communication.hpp:4[m[K,
[2.250s]                  from [01m[K/home/wq/MDH/ros_ws/src/motor_control_v2/src/serial_communication.cpp:1[m[K:
[2.250s] [01m[K/home/wq/MDH/ros_ws/src/motor_control_v2/src/serial_communication.cpp:[m[K In member function ‚Äò[01m[Kvoid motor_control_v2::SerialCommunication::Implementation::initSerialPort()[m[K‚Äô:
[2.250s] [01m[K/home/wq/MDH/ros_ws/src/motor_control_v2/src/serial_communication.cpp:50:46:[m[K [01;35m[Kwarning: [m[Kformat ‚Äò[01m[K%s[m[K‚Äô expects a matching ‚Äò[01m[Kchar*[m[K‚Äô argument [[01;35m[K]8;;https://gcc.gnu.org/onlinedocs/gcc/Warning-Options.html#index-Wformat=-Wformat=]8;;[m[K]
[2.250s]    50 |             RCLCPP_INFO(node_->get_logger(), [01;35m[K"Serial port opened successfully at %s with baud rate %d"[m[K);
[2.250s]       |                                              [01;35m[K^~~~~~~~~~~~~~~~~~~~~~~~~~~~~~~~~~~~~~~~~~~~~~~~~~~~~~~~~[m[K
[2.250s] [01m[K/home/wq/MDH/ros_ws/src/motor_control_v2/src/serial_communication.cpp:50:83:[m[K [01;36m[Knote: [m[Kformat string is defined here
[2.250s]    50 |             RCLCPP_INFO(node_->get_logger(), "Serial port opened successfully at [01;36m[K%s[m[K with baud rate %d");
[2.250s]       |                                                                                  [01;36m[K~^[m[K
[2.250s]       |                                                                                   [01;36m[K|[m[K
[2.250s]       |                                                                                   [01;36m[Kchar*[m[K
[2.250s] In file included from [01m[K/opt/ros/humble/include/rclcpp/rclcpp/logging.hpp:24[m[K,
[2.250s]                  from [01m[K/opt/ros/humble/include/rclcpp/rclcpp/client.hpp:40[m[K,
[2.250s]                  from [01m[K/opt/ros/humble/include/rclcpp/rclcpp/callback_group.hpp:24[m[K,
[2.250s]                  from [01m[K/opt/ros/humble/include/rclcpp/rclcpp/any_executable.hpp:20[m[K,
[2.250s]                  from [01m[K/opt/ros/humble/include/rclcpp/rclcpp/memory_strategy.hpp:25[m[K,
[2.251s]                  from [01m[K/opt/ros/humble/include/rclcpp/rclcpp/memory_strategies.hpp:18[m[K,
[2.251s]                  from [01m[K/opt/ros/humble/include/rclcpp/rclcpp/executor_options.hpp:20[m[K,
[2.251s]                  from [01m[K/opt/ros/humble/include/rclcpp/rclcpp/executor.hpp:37[m[K,
[2.251s]                  from [01m[K/opt/ros/humble/include/rclcpp/rclcpp/executors/multi_threaded_executor.hpp:25[m[K,
[2.251s]                  from [01m[K/opt/ros/humble/include/rclcpp/rclcpp/executors.hpp:21[m[K,
[2.251s]                  from [01m[K/opt/ros/humble/include/rclcpp/rclcpp/rclcpp.hpp:155[m[K,
[2.251s]                  from [01m[K/home/wq/MDH/ros_ws/src/motor_control_v2/include/motor_control_v2/serial_communication.hpp:4[m[K,
[2.251s]                  from [01m[K/home/wq/MDH/ros_ws/src/motor_control_v2/src/serial_communication.cpp:1[m[K:
[2.251s] [01m[K/home/wq/MDH/ros_ws/src/motor_control_v2/src/serial_communication.cpp:50:46:[m[K [01;35m[Kwarning: [m[Kformat ‚Äò[01m[K%d[m[K‚Äô expects a matching ‚Äò[01m[Kint[m[K‚Äô argument [[01;35m[K]8;;https://gcc.gnu.org/onlinedocs/gcc/Warning-Options.html#index-Wformat=-Wformat=]8;;[m[K]
[2.251s]    50 |             RCLCPP_INFO(node_->get_logger(), [01;35m[K"Serial port opened successfully at %s with baud rate %d"[m[K);
[2.251s]       |                                              [01;35m[K^~~~~~~~~~~~~~~~~~~~~~~~~~~~~~~~~~~~~~~~~~~~~~~~~~~~~~~~~[m[K
[2.251s] [01m[K/home/wq/MDH/ros_ws/src/motor_control_v2/src/serial_communication.cpp:50:101:[m[K [01;36m[Knote: [m[Kformat string is defined here
[2.251s]    50 |             RCLCPP_INFO(node_->get_logger(), "Serial port opened successfully at %s with baud rate [01;36m[K%d[m[K");
[2.251s]       |                                                                                                    [01;36m[K~^[m[K
[2.251s]       |                                                                                                     [01;36m[K|[m[K
[2.251s]       |                                                                                                     [01;36m[Kint[m[K
[2.563s] [01m[K/home/wq/MDH/ros_ws/src/motor_control_v2/src/motor_config.cpp:[m[K In member function ‚Äò[01m[Kvoid MotorConfig::update_motor_status(const string&)[m[K‚Äô:
[2.563s] [01m[K/home/wq/MDH/ros_ws/src/motor_control_v2/src/motor_config.cpp:38:58:[m[K [01;35m[Kwarning: [m[Kunused parameter ‚Äò[01m[Kfeedback[m[K‚Äô [[01;35m[K]8;;https://gcc.gnu.org/onlinedocs/gcc/Warning-Options.html#index-Wunused-parameter-Wunused-parameter]8;;[m[K]
[2.563s]    38 | void MotorConfig::update_motor_status([01;35m[Kconst std::string &feedback[m[K)
[2.563s]       |                                       [01;35m[K~~~~~~~~~~~~~~~~~~~^~~~~~~~[m[K
[3.126s] [01m[K/home/wq/MDH/ros_ws/src/motor_control_v2/src/motor_command.cpp:[m[K In constructor ‚Äò[01m[Kmotor_control_v2::MotorCommand::MotorCommand(rclcpp::Node::SharedPtr, const string&, int)[m[K‚Äô:
[3.126s] [01m[K/home/wq/MDH/ros_ws/src/motor_control_v2/src/motor_command.cpp:35:66:[m[K [01;35m[Kwarning: [m[Kmissing initializer for member ‚Äò[01m[Kmotor_control_v2::MotorCommand::Implementation::serial_communication_[m[K‚Äô [[01;35m[K]8;;https://gcc.gnu.org/onlinedocs/gcc/Warning-Options.html#index-Wmissing-field-initializers-Wmissing-field-initializers]8;;[m[K]
[3.126s]    35 |               Implementation{node, serial_port.c_str(), baud_rate[01;35m[K}[m[K))
[3.126s]       |                                                                  [01;35m[K^[m[K
[3.156s] [01m[K/home/wq/MDH/ros_ws/src/motor_control_v2/src/motor_command.cpp:[m[K In member function ‚Äò[01m[Kvoid motor_control_v2::MotorCommand::Implementation::send_serial_command_async(std::vector<unsigned char>)[m[K‚Äô:
[3.156s] [01m[K/home/wq/MDH/ros_ws/src/motor_control_v2/src/motor_command.cpp:194:23:[m[K [01;35m[Kwarning: [m[Kignoring return value of ‚Äò[01m[Kstd::future<typename std::__invoke_result<typename std::decay<_Tp>::type, typename std::decay<_Args>::type ...>::type> std::async(std::launch, _Fn&&, _Args&& ...) [with _Fn = motor_control_v2::MotorCommand::Implementation::send_serial_command_async(std::vector<unsigned char>)::<lambda()>; _Args = {}; typename std::__invoke_result<typename std::decay<_Tp>::type, typename std::decay<_Args>::type ...>::type = void; typename std::decay<_Tp>::type = std::decay<motor_control_v2::MotorCommand::Implementation::send_serial_command_async(std::vector<unsigned char>)::<lambda()> >::type][m[K‚Äô, declared with attribute ‚Äò[01m[Knodiscard[m[K‚Äô [[01;35m[K]8;;https://gcc.gnu.org/onlinedocs/gcc/Warning-Options.html#index-Wunused-result-Wunused-result]8;;[m[K]
[3.156s]   194 |                     })[01;35m[K;[m[K
[3.156s]       |                       [01;35m[K^[m[K
[3.156s] In file included from [01m[K/opt/ros/humble/include/rclcpp/rclcpp/executors.hpp:18[m[K,
[3.156s]                  from [01m[K/opt/ros/humble/include/rclcpp/rclcpp/rclcpp.hpp:155[m[K,
[3.156s]                  from [01m[K/home/wq/MDH/ros_ws/src/motor_control_v2/include/motor_control_v2/motor_command.hpp:5[m[K,
[3.156s]                  from [01m[K/home/wq/MDH/ros_ws/src/motor_control_v2/src/motor_command.cpp:1[m[K:
[3.156s] [01m[K/usr/include/c++/11/future:1768:5:[m[K [01;36m[Knote: [m[Kdeclared here
[3.156s]  1768 |     [01;36m[Kasync[m[K(launch __policy, _Fn&& __fn, _Args&&... __args)
[3.156s]       |     [01;36m[K^~~~~[m[K
[3.940s] [01m[K/home/wq/MDH/ros_ws/src/motor_control_v2/src/internal_http_server.cpp:[m[K In constructor ‚Äò[01m[Kmotor_control_v2::InternalHttpServer::Implementation::Implementation(rclcpp::Node::SharedPtr, const string&, int, const string&, int)[m[K‚Äô:
[3.941s] [01m[K/home/wq/MDH/ros_ws/src/motor_control_v2/src/internal_http_server.cpp:58:33:[m[K [01;35m[Kwarning: [m[K‚Äò[01m[Kmotor_control_v2::InternalHttpServer::Implementation::node_[m[K‚Äô will be initialized after [[01;35m[K]8;;https://gcc.gnu.org/onlinedocs/gcc/Warning-Options.html#index-Wreorder-Wreorder]8;;[m[K]
[3.941s]    58 |         rclcpp::Node::SharedPtr [01;35m[Knode_[m[K;
[3.941s]       |                                 [01;35m[K^~~~~[m[K
[3.941s] [01m[K/home/wq/MDH/ros_ws/src/motor_control_v2/src/internal_http_server.cpp:51:39:[m[K [01;35m[Kwarning: [m[K  ‚Äò[01m[Kstd::shared_ptr<motor_control_v2::MotorCommand> motor_control_v2::InternalHttpServer::Implementation::motor_command_ptr[m[K‚Äô [[01;35m[K]8;;https://gcc.gnu.org/onlinedocs/gcc/Warning-Options.html#index-Wreorder-Wreorder]8;;[m[K]
[3.941s]    51 |         std::shared_ptr<MotorCommand> [01;35m[Kmotor_command_ptr[m[K;
[3.941s]       |                                       [01;35m[K^~~~~~~~~~~~~~~~~[m[K
[3.941s] [01m[K/home/wq/MDH/ros_ws/src/motor_control_v2/src/internal_http_server.cpp:8:9:[m[K [01;35m[Kwarning: [m[K  when initialized here [[01;35m[K]8;;https://gcc.gnu.org/onlinedocs/gcc/Warning-Options.html#index-Wreorder-Wreorder]8;;[m[K]
[3.941s]     8 |         [01;35m[KImplementation[m[K(rclcpp::Node::SharedPtr node,
[3.941s]       |         [01;35m[K^~~~~~~~~~~~~~[m[K
[3.941s] [01m[K/home/wq/MDH/ros_ws/src/motor_control_v2/src/internal_http_server.cpp:65:20:[m[K [01;35m[Kwarning: [m[K‚Äò[01m[Kmotor_control_v2::InternalHttpServer::Implementation::motor_state_mutex_[m[K‚Äô will be initialized after [[01;35m[K]8;;https://gcc.gnu.org/onlinedocs/gcc/Warning-Options.html#index-Wreorder-Wreorder]8;;[m[K]
[3.941s]    65 |         std::mutex [01;35m[Kmotor_state_mutex_[m[K;
[3.941s]       |                    [01;35m[K^~~~~~~~~~~~~~~~~~[m[K
[3.941s] [01m[K/home/wq/MDH/ros_ws/src/motor_control_v2/src/internal_http_server.cpp:62:13:[m[K [01;35m[Kwarning: [m[K  ‚Äò[01m[Kint motor_control_v2::InternalHttpServer::Implementation::port[m[K‚Äô [[01;35m[K]8;;https://gcc.gnu.org/onlinedocs/gcc/Warning-Options.html#index-Wreorder-Wreorder]8;;[m[K]
[3.941s]    62 |         int [01;35m[Kport[m[K;
[3.941s]       |             [01;35m[K^~~~[m[K
[3.941s] [01m[K/home/wq/MDH/ros_ws/src/motor_control_v2/src/internal_http_server.cpp:8:9:[m[K [01;35m[Kwarning: [m[K  when initialized here [[01;35m[K]8;;https://gcc.gnu.org/onlinedocs/gcc/Warning-Options.html#index-Wreorder-Wreorder]8;;[m[K]
[3.941s]     8 |         [01;35m[KImplementation[m[K(rclcpp::Node::SharedPtr node,
[3.941s]       |         [01;35m[K^~~~~~~~~~~~~~[m[K
[3.941s] [01m[K/home/wq/MDH/ros_ws/src/motor_control_v2/src/internal_http_server.cpp:62:13:[m[K [01;35m[Kwarning: [m[K‚Äò[01m[Kmotor_control_v2::InternalHttpServer::Implementation::port[m[K‚Äô will be initialized after [[01;35m[K]8;;https://gcc.gnu.org/onlinedocs/gcc/Warning-Options.html#index-Wreorder-Wreorder]8;;[m[K]
[3.941s]    62 |         int [01;35m[Kport[m[K;
[3.941s]       |             [01;35m[K^~~~[m[K
[3.941s] [01m[K/home/wq/MDH/ros_ws/src/motor_control_v2/src/internal_http_server.cpp:61:27:[m[K [01;35m[Kwarning: [m[K  ‚Äò[01m[Kconst string motor_control_v2::InternalHttpServer::Implementation::ip[m[K‚Äô [[01;35m[K]8;;https://gcc.gnu.org/onlinedocs/gcc/Warning-Options.html#index-Wreorder-Wreorder]8;;[m[K]
[3.941s]    61 |         const std::string [01;35m[Kip[m[K;
[3.941s]       |                           [01;35m[K^~[m[K
[3.941s] [01m[K/home/wq/MDH/ros_ws/src/motor_control_v2/src/internal_http_server.cpp:8:9:[m[K [01;35m[Kwarning: [m[K  when initialized here [[01;35m[K]8;;https://gcc.gnu.org/onlinedocs/gcc/Warning-Options.html#index-Wreorder-Wreorder]8;;[m[K]
[3.942s]     8 |         [01;35m[KImplementation[m[K(rclcpp::Node::SharedPtr node,
[3.942s]       |         [01;35m[K^~~~~~~~~~~~~~[m[K
[3.942s] [01m[K/home/wq/MDH/ros_ws/src/motor_control_v2/src/internal_http_server.cpp:61:27:[m[K [01;35m[Kwarning: [m[K‚Äò[01m[Kmotor_control_v2::InternalHttpServer::Implementation::ip[m[K‚Äô will be initialized after [[01;35m[K]8;;https://gcc.gnu.org/onlinedocs/gcc/Warning-Options.html#index-Wreorder-Wreorder]8;;[m[K]
[3.942s]    61 |         const std::string [01;35m[Kip[m[K;
[3.942s]       |                           [01;35m[K^~[m[K
[3.942s] [01m[K/home/wq/MDH/ros_ws/src/motor_control_v2/src/internal_http_server.cpp:59:27:[m[K [01;35m[Kwarning: [m[K  ‚Äò[01m[Kconst string motor_control_v2::InternalHttpServer::Implementation::serial_port[m[K‚Äô [[01;35m[K]8;;https://gcc.gnu.org/onlinedocs/gcc/Warning-Options.html#index-Wreorder-Wreorder]8;;[m[K]
[3.942s]    59 |         const std::string [01;35m[Kserial_port[m[K;
[3.942s]       |                           [01;35m[K^~~~~~~~~~~[m[K
[3.942s] [01m[K/home/wq/MDH/ros_ws/src/motor_control_v2/src/internal_http_server.cpp:8:9:[m[K [01;35m[Kwarning: [m[K  when initialized here [[01;35m[K]8;;https://gcc.gnu.org/onlinedocs/gcc/Warning-Options.html#index-Wreorder-Wreorder]8;;[m[K]
[3.942s]     8 |         [01;35m[KImplementation[m[K(rclcpp::Node::SharedPtr node,
[3.942s]       |         [01;35m[K^~~~~~~~~~~~~~[m[K
[3.957s] [01m[K/home/wq/MDH/ros_ws/src/motor_control_v2/src/internal_http_server.cpp:[m[K In constructor ‚Äò[01m[Kmotor_control_v2::InternalHttpServer::InternalHttpServer(rclcpp::Node::SharedPtr, const string&, int, const string&, int)[m[K‚Äô:
[3.957s] [01m[K/home/wq/MDH/ros_ws/src/motor_control_v2/src/internal_http_server.cpp:78:9:[m[K [01;31m[Kerror: [m[K‚Äò[01m[Kupdate_motor_status_thread[m[K‚Äô was not declared in this scope
[3.957s]    78 |         [01;31m[Kupdate_motor_status_thread[m[K = std::thread(&InternalHttpServer::update_motor_status, this);
[3.957s]       |         [01;31m[K^~~~~~~~~~~~~~~~~~~~~~~~~~[m[K
[3.957s] [01m[K/home/wq/MDH/ros_ws/src/motor_control_v2/src/internal_http_server.cpp:78:71:[m[K [01;31m[Kerror: [m[K‚Äò[01m[Kupdate_motor_status[m[K‚Äô is not a member of ‚Äò[01m[Kmotor_control_v2::InternalHttpServer[m[K‚Äô
[3.957s]    78 |         update_motor_status_thread = std::thread(&InternalHttpServer::[01;31m[Kupdate_motor_status[m[K, this);
[3.957s]       |                                                                       [01;31m[K^~~~~~~~~~~~~~~~~~~[m[K
[3.967s] [01m[K/home/wq/MDH/ros_ws/src/motor_control_v2/src/internal_http_server.cpp:[m[K In destructor ‚Äò[01m[Kmotor_control_v2::InternalHttpServer::~InternalHttpServer()[m[K‚Äô:
[3.967s] [01m[K/home/wq/MDH/ros_ws/src/motor_control_v2/src/internal_http_server.cpp:89:12:[m[K [01;31m[Kerror: [m[K‚Äò[01m[Kupdate_motor_status_thread[m[K‚Äô was not declared in this scope
[3.968s]    89 |         if([01;31m[Kupdate_motor_status_thread[m[K.joinable()) update_motor_status_thread.join();
[3.968s]       |            [01;31m[K^~~~~~~~~~~~~~~~~~~~~~~~~~[m[K
[4.083s] [01m[K/home/wq/MDH/ros_ws/src/motor_control_v2/src/internal_http_server.cpp:[m[K At global scope:
[4.083s] [01m[K/home/wq/MDH/ros_ws/src/motor_control_v2/src/internal_http_server.cpp:328:9:[m[K [01;31m[Kerror: [m[Kno declaration matches ‚Äò[01m[Kvoid motor_control_v2::InternalHttpServer::update_motor_status()[m[K‚Äô
[4.083s]   328 |    void [01;31m[KInternalHttpServer[m[K::update_motor_status()
[4.083s]       |         [01;31m[K^~~~~~~~~~~~~~~~~~[m[K
[4.083s] [01m[K/home/wq/MDH/ros_ws/src/motor_control_v2/src/internal_http_server.cpp:328:9:[m[K [01;36m[Knote: [m[Kno functions named ‚Äò[01m[Kvoid motor_control_v2::InternalHttpServer::update_motor_status()[m[K‚Äô
[4.083s] In file included from [01m[K/home/wq/MDH/ros_ws/src/motor_control_v2/src/internal_http_server.cpp:1[m[K:
[4.083s] [01m[K/home/wq/MDH/ros_ws/src/motor_control_v2/include/motor_control_v2/internal_http_server.hpp:31:11:[m[K [01;36m[Knote: [m[K‚Äò[01m[Kclass motor_control_v2::InternalHttpServer[m[K‚Äô defined here
[4.083s]    31 |     class [01;36m[KInternalHttpServer[m[K
[4.083s]       |           [01;36m[K^~~~~~~~~~~~~~~~~~[m[K
[6.034s] gmake[2]: *** [CMakeFiles/motor_control_node.dir/build.make:174ÔºöCMakeFiles/motor_control_node.dir/src/internal_http_server.cpp.o] ÈîôËØØ 1
[6.034s] gmake[2]: *** Ê≠£Âú®Á≠âÂæÖÊú™ÂÆåÊàêÁöÑ‰ªªÂä°....
[6.631s] gmake[1]: *** [CMakeFiles/Makefile2:137ÔºöCMakeFiles/motor_control_node.dir/all] ÈîôËØØ 2
[6.631s] gmake: *** [Makefile:146Ôºöall] ÈîôËØØ 2
[6.633s] Invoked command in '/home/wq/MDH/ros_ws/build/motor_control_v2' returned '2': AMENT_PREFIX_PATH=/home/wq/MDH/ros_ws/install/motor_control_command_msgs:${AMENT_PREFIX_PATH} CMAKE_PREFIX_PATH=/home/wq/MDH/ros_ws/install/motor_control_command_msgs:/opt/ros/humble LD_LIBRARY_PATH=/home/wq/MDH/ros_ws/install/motor_control_command_msgs/lib:${LD_LIBRARY_PATH} PYTHONPATH=/home/wq/MDH/ros_ws/install/motor_control_command_msgs/local/lib/python3.10/dist-packages:${PYTHONPATH} /usr/bin/cmake --build /home/wq/MDH/ros_ws/build/motor_control_v2 -- -j28 -l28
