[35m[1mConsolidate compiler generated dependencies of target motor_control_node[0m
[  9%] [32mBuilding CXX object CMakeFiles/motor_control_node.dir/src/Node.cpp.o[0m
[01m[K/home/abc/MDH/ros_ws/src/motor_control_v2/src/Node.cpp:[m[K In lambda function:
[01m[K/home/abc/MDH/ros_ws/src/motor_control_v2/src/Node.cpp:52:55:[m[K [01;31m[Kerror: [m[Kâ€˜[01m[Krequest_queue_[m[Kâ€™ was not declared in this scope; did you mean â€˜[01m[Krequest_mutex_[m[Kâ€™?
   52 |             request_cv_.wait(lock, [this]() { return ![01;31m[Krequest_queue_[m[K.empty() || stop_server_; });
      |                                                       [01;31m[K^~~~~~~~~~~~~~[m[K
      |                                                       [32m[Krequest_mutex_[m[K
gmake[2]: *** [CMakeFiles/motor_control_node.dir/build.make:90ï¼šCMakeFiles/motor_control_node.dir/src/Node.cpp.o] é”™è¯¯ 1
gmake[1]: *** [CMakeFiles/Makefile2:137ï¼šCMakeFiles/motor_control_node.dir/all] é”™è¯¯ 2
gmake: *** [Makefile:146ï¼šall] é”™è¯¯ 2
