[0.015s] Invoking command in '/home/abc/MDH/ros_ws/build/motor_control_v2': AMENT_PREFIX_PATH=/home/abc/MDH/ros_ws/install/motor_control_command_msgs:${AMENT_PREFIX_PATH} CMAKE_PREFIX_PATH=/home/abc/MDH/ros_ws/install/motor_control_command_msgs:/opt/ros/humble LD_LIBRARY_PATH=/home/abc/MDH/ros_ws/install/motor_control_command_msgs/lib:${LD_LIBRARY_PATH} PYTHONPATH=/home/abc/MDH/ros_ws/install/motor_control_command_msgs/local/lib/python3.10/dist-packages:${PYTHONPATH} /usr/bin/cmake /home/abc/MDH/ros_ws/src/motor_control_v2 -DCMAKE_INSTALL_PREFIX=/home/abc/MDH/ros_ws/install/motor_control_v2
[0.151s] -- The C compiler identification is GNU 11.4.0
[0.250s] -- The CXX compiler identification is GNU 11.4.0
[0.266s] -- Detecting C compiler ABI info
[0.359s] -- Detecting C compiler ABI info - done
[0.362s] -- Check for working C compiler: /usr/bin/cc - skipped
[0.363s] -- Detecting C compile features
[0.364s] -- Detecting C compile features - done
[0.367s] -- Detecting CXX compiler ABI info
[0.464s] -- Detecting CXX compiler ABI info - done
[0.472s] -- Check for working CXX compiler: /usr/bin/c++ - skipped
[0.473s] -- Detecting CXX compile features
[0.474s] -- Detecting CXX compile features - done
[0.478s] -- Found ament_cmake: 1.3.11 (/opt/ros/humble/share/ament_cmake/cmake)
[0.656s] -- Found Python3: /usr/bin/python3 (found version "3.10.12") found components: Interpreter 
[0.791s] -- Found rclcpp: 16.0.11 (/opt/ros/humble/share/rclcpp/cmake)
[0.867s] -- Found rosidl_generator_c: 3.1.6 (/opt/ros/humble/share/rosidl_generator_c/cmake)
[0.874s] -- Found rosidl_adapter: 3.1.6 (/opt/ros/humble/share/rosidl_adapter/cmake)
[0.890s] -- Found rosidl_generator_cpp: 3.1.6 (/opt/ros/humble/share/rosidl_generator_cpp/cmake)
[0.912s] -- Using all available rosidl_typesupport_c: rosidl_typesupport_fastrtps_c;rosidl_typesupport_introspection_c
[0.938s] -- Using all available rosidl_typesupport_cpp: rosidl_typesupport_fastrtps_cpp;rosidl_typesupport_introspection_cpp
[1.003s] -- Found rmw_implementation_cmake: 6.1.2 (/opt/ros/humble/share/rmw_implementation_cmake/cmake)
[1.010s] -- Found rmw_fastrtps_cpp: 6.2.7 (/opt/ros/humble/share/rmw_fastrtps_cpp/cmake)
[1.153s] -- Found OpenSSL: /usr/lib/x86_64-linux-gnu/libcrypto.so (found version "3.0.2")  
[1.189s] -- Found FastRTPS: /opt/ros/humble/include  
[1.231s] -- Using RMW implementation 'rmw_fastrtps_cpp' as default
[1.245s] -- Looking for pthread.h
[1.325s] -- Looking for pthread.h - found
[1.326s] -- Performing Test CMAKE_HAVE_LIBC_PTHREAD
[1.403s] -- Performing Test CMAKE_HAVE_LIBC_PTHREAD - Success
[1.404s] -- Found Threads: TRUE  
[1.487s] -- Found rclpy: 3.3.15 (/opt/ros/humble/share/rclpy/cmake)
[1.488s] -- Found motor_control_command_msgs: 0.0.0 (/home/abc/MDH/ros_ws/install/motor_control_command_msgs/share/motor_control_command_msgs/cmake)
[1.595s] -- Configuring done
[1.607s] -- Generating done
[1.611s] -- Build files have been written to: /home/abc/MDH/ros_ws/build/motor_control_v2
[1.623s] Invoked command in '/home/abc/MDH/ros_ws/build/motor_control_v2' returned '0': AMENT_PREFIX_PATH=/home/abc/MDH/ros_ws/install/motor_control_command_msgs:${AMENT_PREFIX_PATH} CMAKE_PREFIX_PATH=/home/abc/MDH/ros_ws/install/motor_control_command_msgs:/opt/ros/humble LD_LIBRARY_PATH=/home/abc/MDH/ros_ws/install/motor_control_command_msgs/lib:${LD_LIBRARY_PATH} PYTHONPATH=/home/abc/MDH/ros_ws/install/motor_control_command_msgs/local/lib/python3.10/dist-packages:${PYTHONPATH} /usr/bin/cmake /home/abc/MDH/ros_ws/src/motor_control_v2 -DCMAKE_INSTALL_PREFIX=/home/abc/MDH/ros_ws/install/motor_control_v2
[1.625s] Invoking command in '/home/abc/MDH/ros_ws/build/motor_control_v2': AMENT_PREFIX_PATH=/home/abc/MDH/ros_ws/install/motor_control_command_msgs:${AMENT_PREFIX_PATH} CMAKE_PREFIX_PATH=/home/abc/MDH/ros_ws/install/motor_control_command_msgs:/opt/ros/humble LD_LIBRARY_PATH=/home/abc/MDH/ros_ws/install/motor_control_command_msgs/lib:${LD_LIBRARY_PATH} PYTHONPATH=/home/abc/MDH/ros_ws/install/motor_control_command_msgs/local/lib/python3.10/dist-packages:${PYTHONPATH} /usr/bin/cmake --build /home/abc/MDH/ros_ws/build/motor_control_v2 -- -j8 -l8
[1.691s] [ 30%] [32mBuilding CXX object CMakeFiles/motor_control_node.dir/src/motor_config.cpp.o[0m
[1.696s] [ 30%] [32mBuilding CXX object CMakeFiles/motor_control_node.dir/src/main.cpp.o[0m
[1.697s] [ 30%] [32mBuilding CXX object CMakeFiles/motor_control_node.dir/src/serial_communication.cpp.o[0m
[1.697s] [ 40%] [32mBuilding CXX object CMakeFiles/motor_control_node.dir/home/abc/MDH/thirdparty/serial/src/Serial.cpp.o[0m
[1.697s] [ 60%] [32mBuilding CXX object CMakeFiles/motor_control_node.dir/src/motor_command.cpp.o[0m
[1.698s] [ 60%] [32mBuilding CXX object CMakeFiles/motor_control_node.dir/src/http_server.cpp.o[0m
[1.698s] [ 70%] [32mBuilding CXX object CMakeFiles/motor_control_node.dir/src/Node.cpp.o[0m
[1.700s] [ 80%] [32mBuilding CXX object CMakeFiles/motor_control_node.dir/src/ros2_communication.cpp.o[0m
[1.822s] [ 90%] [32mBuilding CXX object CMakeFiles/motor_control_node.dir/home/abc/MDH/thirdparty/serial/src/SerialImplUnix.cpp.o[0m
[7.463s] [01m[K/home/abc/MDH/ros_ws/src/motor_control_v2/src/serial_communication.cpp:13:17:[m[K [01;31m[Kerror: [m[Kextra qualification ‚Äò[01m[Kmotor_control_v2::SerialCommunication::Implementation::[m[K‚Äô on member ‚Äò[01m[KcalculateChecksum[m[K‚Äô [[01;31m[K]8;;https://gcc.gnu.org/onlinedocs/gcc/Warning-Options.html#index-fpermissive-fpermissive]8;;[m[K]
[7.464s]    13 |         uint8_t [01;31m[KSerialCommunication[m[K::Implementation::calculateChecksum(const uint8_t *data, size_t length);
[7.464s]       |                 [01;31m[K^~~~~~~~~~~~~~~~~~~[m[K
[7.470s] In file included from [01m[K/opt/ros/humble/include/rclcpp/rclcpp/logging.hpp:24[m[K,
[7.473s]                  from [01m[K/opt/ros/humble/include/rclcpp/rclcpp/client.hpp:40[m[K,
[7.473s]                  from [01m[K/opt/ros/humble/include/rclcpp/rclcpp/callback_group.hpp:24[m[K,
[7.473s]                  from [01m[K/opt/ros/humble/include/rclcpp/rclcpp/any_executable.hpp:20[m[K,
[7.473s]                  from [01m[K/opt/ros/humble/include/rclcpp/rclcpp/memory_strategy.hpp:25[m[K,
[7.474s]                  from [01m[K/opt/ros/humble/include/rclcpp/rclcpp/memory_strategies.hpp:18[m[K,
[7.474s]                  from [01m[K/opt/ros/humble/include/rclcpp/rclcpp/executor_options.hpp:20[m[K,
[7.474s]                  from [01m[K/opt/ros/humble/include/rclcpp/rclcpp/executor.hpp:37[m[K,
[7.474s]                  from [01m[K/opt/ros/humble/include/rclcpp/rclcpp/executors/multi_threaded_executor.hpp:25[m[K,
[7.474s]                  from [01m[K/opt/ros/humble/include/rclcpp/rclcpp/executors.hpp:21[m[K,
[7.474s]                  from [01m[K/opt/ros/humble/include/rclcpp/rclcpp/rclcpp.hpp:155[m[K,
[7.480s]                  from [01m[K/home/abc/MDH/ros_ws/src/motor_control_v2/include/motor_control_v2/serial_communication.hpp:4[m[K,
[7.481s]                  from [01m[K/home/abc/MDH/ros_ws/src/motor_control_v2/src/serial_communication.cpp:1[m[K:
[7.481s] [01m[K/home/abc/MDH/ros_ws/src/motor_control_v2/src/serial_communication.cpp:[m[K In member function ‚Äò[01m[Kvoid motor_control_v2::SerialCommunication::Implementation::initSerialPort()[m[K‚Äô:
[7.483s] [01m[K/home/abc/MDH/ros_ws/src/motor_control_v2/src/serial_communication.cpp:50:46:[m[K [01;35m[Kwarning: [m[Kformat ‚Äò[01m[K%s[m[K‚Äô expects a matching ‚Äò[01m[Kchar*[m[K‚Äô argument [[01;35m[K]8;;https://gcc.gnu.org/onlinedocs/gcc/Warning-Options.html#index-Wformat=-Wformat=]8;;[m[K]
[7.485s]    50 |             RCLCPP_INFO(node_->get_logger(), [01;35m[K"Serial port opened successfully at %s with baud rate %d"[m[K);
[7.487s]       |                                              [01;35m[K^~~~~~~~~~~~~~~~~~~~~~~~~~~~~~~~~~~~~~~~~~~~~~~~~~~~~~~~~[m[K
[7.488s] [01m[K/home/abc/MDH/ros_ws/src/motor_control_v2/src/serial_communication.cpp:50:83:[m[K [01;36m[Knote: [m[Kformat string is defined here
[7.488s]    50 |             RCLCPP_INFO(node_->get_logger(), "Serial port opened successfully at [01;36m[K%s[m[K with baud rate %d");
[7.488s]       |                                                                                  [01;36m[K~^[m[K
[7.488s]       |                                                                                   [01;36m[K|[m[K
[7.488s]       |                                                                                   [01;36m[Kchar*[m[K
[7.488s] In file included from [01m[K/opt/ros/humble/include/rclcpp/rclcpp/logging.hpp:24[m[K,
[7.488s]                  from [01m[K/opt/ros/humble/include/rclcpp/rclcpp/client.hpp:40[m[K,
[7.488s]                  from [01m[K/opt/ros/humble/include/rclcpp/rclcpp/callback_group.hpp:24[m[K,
[7.488s]                  from [01m[K/opt/ros/humble/include/rclcpp/rclcpp/any_executable.hpp:20[m[K,
[7.489s]                  from [01m[K/opt/ros/humble/include/rclcpp/rclcpp/memory_strategy.hpp:25[m[K,
[7.489s]                  from [01m[K/opt/ros/humble/include/rclcpp/rclcpp/memory_strategies.hpp:18[m[K,
[7.489s]                  from [01m[K/opt/ros/humble/include/rclcpp/rclcpp/executor_options.hpp:20[m[K,
[7.489s]                  from [01m[K/opt/ros/humble/include/rclcpp/rclcpp/executor.hpp:37[m[K,
[7.489s]                  from [01m[K/opt/ros/humble/include/rclcpp/rclcpp/executors/multi_threaded_executor.hpp:25[m[K,
[7.489s]                  from [01m[K/opt/ros/humble/include/rclcpp/rclcpp/executors.hpp:21[m[K,
[7.499s]                  from [01m[K/opt/ros/humble/include/rclcpp/rclcpp/rclcpp.hpp:155[m[K,
[7.500s]                  from [01m[K/home/abc/MDH/ros_ws/src/motor_control_v2/include/motor_control_v2/serial_communication.hpp:4[m[K,
[7.500s]                  from [01m[K/home/abc/MDH/ros_ws/src/motor_control_v2/src/serial_communication.cpp:1[m[K:
[7.500s] [01m[K/home/abc/MDH/ros_ws/src/motor_control_v2/src/serial_communication.cpp:50:46:[m[K [01;35m[Kwarning: [m[Kformat ‚Äò[01m[K%d[m[K‚Äô expects a matching ‚Äò[01m[Kint[m[K‚Äô argument [[01;35m[K]8;;https://gcc.gnu.org/onlinedocs/gcc/Warning-Options.html#index-Wformat=-Wformat=]8;;[m[K]
[7.500s]    50 |             RCLCPP_INFO(node_->get_logger(), [01;35m[K"Serial port opened successfully at %s with baud rate %d"[m[K);
[7.500s]       |                                              [01;35m[K^~~~~~~~~~~~~~~~~~~~~~~~~~~~~~~~~~~~~~~~~~~~~~~~~~~~~~~~~[m[K
[7.501s] [01m[K/home/abc/MDH/ros_ws/src/motor_control_v2/src/serial_communication.cpp:50:101:[m[K [01;36m[Knote: [m[Kformat string is defined here
[7.501s]    50 |             RCLCPP_INFO(node_->get_logger(), "Serial port opened successfully at %s with baud rate [01;36m[K%d[m[K");
[7.501s]       |                                                                                                    [01;36m[K~^[m[K
[7.504s]       |                                                                                                     [01;36m[K|[m[K
[7.505s]       |                                                                                                     [01;36m[Kint[m[K
[8.875s] [01m[K/home/abc/MDH/ros_ws/src/motor_control_v2/src/motor_config.cpp:[m[K In member function ‚Äò[01m[Kvoid MotorConfig::update_motor_status(const string&)[m[K‚Äô:
[8.877s] [01m[K/home/abc/MDH/ros_ws/src/motor_control_v2/src/motor_config.cpp:38:58:[m[K [01;35m[Kwarning: [m[Kunused parameter ‚Äò[01m[Kfeedback[m[K‚Äô [[01;35m[K]8;;https://gcc.gnu.org/onlinedocs/gcc/Warning-Options.html#index-Wunused-parameter-Wunused-parameter]8;;[m[K]
[8.879s]    38 | void MotorConfig::update_motor_status([01;35m[Kconst std::string &feedback[m[K)
[8.880s]       |                                       [01;35m[K~~~~~~~~~~~~~~~~~~~^~~~~~~~[m[K
[8.884s] [01m[K/home/abc/MDH/ros_ws/src/motor_control_v2/src/motor_command.cpp:[m[K In member function ‚Äò[01m[Kvoid motor_control_v2::MotorCommand::Implementation::send_serial_command_async(std::vector<unsigned char>)[m[K‚Äô:
[8.885s] [01m[K/home/abc/MDH/ros_ws/src/motor_control_v2/src/motor_command.cpp:185:84:[m[K [01;35m[Kwarning: [m[Kignoring return value of ‚Äò[01m[Kstd::future<typename std::__invoke_result<typename std::decay<_Tp>::type, typename std::decay<_Args>::type ...>::type> std::async(std::launch, _Fn&&, _Args&& ...) [with _Fn = motor_control_v2::MotorCommand::Implementation::send_serial_command_async(std::vector<unsigned char>)::<lambda()>; _Args = {}; typename std::__invoke_result<typename std::decay<_Tp>::type, typename std::decay<_Args>::type ...>::type = void; typename std::decay<_Tp>::type = std::decay<motor_control_v2::MotorCommand::Implementation::send_serial_command_async(std::vector<unsigned char>)::<lambda()> >::type][m[K‚Äô, declared with attribute ‚Äò[01m[Knodiscard[m[K‚Äô [[01;35m[K]8;;https://gcc.gnu.org/onlinedocs/gcc/Warning-Options.html#index-Wunused-result-Wunused-result]8;;[m[K]
[8.885s]   185 |                    { serial_communication_->send_serial_command(command.data()); })[01;35m[K;[m[K
[8.885s]       |                                                                                    [01;35m[K^[m[K
[8.886s] In file included from [01m[K/opt/ros/humble/include/rclcpp/rclcpp/executors.hpp:18[m[K,
[8.886s]                  from [01m[K/opt/ros/humble/include/rclcpp/rclcpp/rclcpp.hpp:155[m[K,
[8.886s]                  from [01m[K/home/abc/MDH/ros_ws/src/motor_control_v2/include/motor_control_v2/motor_command.hpp:5[m[K,
[8.886s]                  from [01m[K/home/abc/MDH/ros_ws/src/motor_control_v2/src/motor_command.cpp:1[m[K:
[8.886s] [01m[K/usr/include/c++/11/future:1768:5:[m[K [01;36m[Knote: [m[Kdeclared here
[8.886s]  1768 |     [01;36m[Kasync[m[K(launch __policy, _Fn&& __fn, _Args&&... __args)
[8.886s]       |     [01;36m[K^~~~~[m[K
[9.578s] gmake[2]: *** [CMakeFiles/motor_control_node.dir/build.make:132ÔºöCMakeFiles/motor_control_node.dir/src/serial_communication.cpp.o] ÈîôËØØ 1
[9.578s] gmake[2]: *** Ê≠£Âú®Á≠âÂæÖÊú™ÂÆåÊàêÁöÑ‰ªªÂä°....
[11.457s] [01m[K/home/abc/MDH/ros_ws/src/motor_control_v2/src/Node.cpp:[m[K In constructor ‚Äò[01m[Kmotor_control_v2::MotorControlApp::MotorControlApp(const string&)[m[K‚Äô:
[11.458s] [01m[K/home/abc/MDH/ros_ws/src/motor_control_v2/src/Node.cpp:20:9:[m[K [01;31m[Kerror: [m[K‚Äò[01m[Kget_motor_state_thread_[m[K‚Äô was not declared in this scope; did you mean ‚Äò[01m[Kquery_motor_state_thread_[m[K‚Äô?
[11.458s]    20 |         [01;31m[Kget_motor_state_thread_[m[K = std::thread(&MotorControlApp::get_motor_state, this);
[11.458s]       |         [01;31m[K^~~~~~~~~~~~~~~~~~~~~~~[m[K
[11.458s]       |         [32m[Kquery_motor_state_thread_[m[K
[11.458s] [01m[K/home/abc/MDH/ros_ws/src/motor_control_v2/src/Node.cpp:20:65:[m[K [01;31m[Kerror: [m[K‚Äò[01m[Kget_motor_state[m[K‚Äô is not a member of ‚Äò[01m[Kmotor_control_v2::MotorControlApp[m[K‚Äô
[11.458s]    20 |         get_motor_state_thread_ = std::thread(&MotorControlApp::[01;31m[Kget_motor_state[m[K, this);
[11.458s]       |                                                                 [01;31m[K^~~~~~~~~~~~~~~[m[K
[11.477s] [01m[K/home/abc/MDH/ros_ws/src/motor_control_v2/src/Node.cpp:[m[K In destructor ‚Äò[01m[Kvirtual motor_control_v2::MotorControlApp::~MotorControlApp()[m[K‚Äô:
[11.477s] [01m[K/home/abc/MDH/ros_ws/src/motor_control_v2/src/Node.cpp:34:13:[m[K [01;31m[Kerror: [m[K‚Äò[01m[Kget_motor_state_thread_[m[K‚Äô was not declared in this scope; did you mean ‚Äò[01m[Kquery_motor_state_thread_[m[K‚Äô?
[11.477s]    34 |         if ([01;31m[Kget_motor_state_thread_[m[K.joinable())
[11.477s]       |             [01;31m[K^~~~~~~~~~~~~~~~~~~~~~~[m[K
[11.477s]       |             [32m[Kquery_motor_state_thread_[m[K
[11.680s] [01m[K/home/abc/MDH/ros_ws/src/motor_control_v2/src/Node.cpp:[m[K In member function ‚Äò[01m[Kvoid motor_control_v2::MotorControlApp::query_motor_state()[m[K‚Äô:
[11.681s] [01m[K/home/abc/MDH/ros_ws/src/motor_control_v2/src/Node.cpp:114:31:[m[K [01;35m[Kwarning: [m[Kcomparison of integer expressions of different signedness: ‚Äò[01m[Kint[m[K‚Äô and ‚Äò[01m[Knlohmann::json_abi_v3_11_3::basic_json<>::size_type[m[K‚Äô {aka ‚Äò[01m[Klong unsigned int[m[K‚Äô} [[01;35m[K]8;;https://gcc.gnu.org/onlinedocs/gcc/Warning-Options.html#index-Wsign-compare-Wsign-compare]8;;[m[K]
[11.681s]   114 |             for (int i = 0; [01;35m[Ki < motor_state_.size() + 1[m[K; i++)
[11.681s]       |                             [01;35m[K~~^~~~~~~~~~~~~~~~~~~~~~~~~[m[K
[11.686s] [01m[K/home/abc/MDH/ros_ws/src/motor_control_v2/src/Node.cpp:[m[K At global scope:
[11.686s] [01m[K/home/abc/MDH/ros_ws/src/motor_control_v2/src/Node.cpp:123:10:[m[K [01;31m[Kerror: [m[Kno declaration matches ‚Äò[01m[Kvoid motor_control_v2::MotorControlApp::get_motor_state()[m[K‚Äô
[11.686s]   123 |     void [01;31m[KMotorControlApp[m[K::get_motor_state()
[11.686s]       |          [01;31m[K^~~~~~~~~~~~~~~[m[K
[11.686s] [01m[K/home/abc/MDH/ros_ws/src/motor_control_v2/src/Node.cpp:123:10:[m[K [01;36m[Knote: [m[Kno functions named ‚Äò[01m[Kvoid motor_control_v2::MotorControlApp::get_motor_state()[m[K‚Äô
[11.687s] In file included from [01m[K/home/abc/MDH/ros_ws/src/motor_control_v2/src/Node.cpp:1[m[K:
[11.687s] [01m[K/home/abc/MDH/ros_ws/src/motor_control_v2/include/motor_control_v2/Node.hpp:16:11:[m[K [01;36m[Knote: [m[K‚Äò[01m[Kclass motor_control_v2::MotorControlApp[m[K‚Äô defined here
[11.687s]    16 |     class [01;36m[KMotorControlApp[m[K : public rclcpp::Node
[11.687s]       |           [01;36m[K^~~~~~~~~~~~~~~[m[K
[11.687s] [01m[K/home/abc/MDH/ros_ws/src/motor_control_v2/src/Node.cpp:129:10:[m[K [01;31m[Kerror: [m[Kno declaration matches ‚Äò[01m[Kvoid motor_control_v2::MotorControlApp::update_motor_state(std::vector<unsigned char, std::allocator<unsigned char> >)[m[K‚Äô
[11.692s]   129 |     void [01;31m[KMotorControlApp[m[K::update_motor_state(std::vector<unsigned char> feedback)
[11.692s]       |          [01;31m[K^~~~~~~~~~~~~~~[m[K
[11.692s] [01m[K/home/abc/MDH/ros_ws/src/motor_control_v2/src/Node.cpp:129:10:[m[K [01;36m[Knote: [m[Kno functions named ‚Äò[01m[Kvoid motor_control_v2::MotorControlApp::update_motor_state(std::vector<unsigned char, std::allocator<unsigned char> >)[m[K‚Äô
[11.692s] In file included from [01m[K/home/abc/MDH/ros_ws/src/motor_control_v2/src/Node.cpp:1[m[K:
[11.693s] [01m[K/home/abc/MDH/ros_ws/src/motor_control_v2/include/motor_control_v2/Node.hpp:16:11:[m[K [01;36m[Knote: [m[K‚Äò[01m[Kclass motor_control_v2::MotorControlApp[m[K‚Äô defined here
[11.693s]    16 |     class [01;36m[KMotorControlApp[m[K : public rclcpp::Node
[11.693s]       |           [01;36m[K^~~~~~~~~~~~~~~[m[K
[17.014s] gmake[2]: *** [CMakeFiles/motor_control_node.dir/build.make:90ÔºöCMakeFiles/motor_control_node.dir/src/Node.cpp.o] ÈîôËØØ 1
[23.756s] gmake[1]: *** [CMakeFiles/Makefile2:137ÔºöCMakeFiles/motor_control_node.dir/all] ÈîôËØØ 2
[23.756s] gmake: *** [Makefile:146Ôºöall] ÈîôËØØ 2
[23.759s] Invoked command in '/home/abc/MDH/ros_ws/build/motor_control_v2' returned '2': AMENT_PREFIX_PATH=/home/abc/MDH/ros_ws/install/motor_control_command_msgs:${AMENT_PREFIX_PATH} CMAKE_PREFIX_PATH=/home/abc/MDH/ros_ws/install/motor_control_command_msgs:/opt/ros/humble LD_LIBRARY_PATH=/home/abc/MDH/ros_ws/install/motor_control_command_msgs/lib:${LD_LIBRARY_PATH} PYTHONPATH=/home/abc/MDH/ros_ws/install/motor_control_command_msgs/local/lib/python3.10/dist-packages:${PYTHONPATH} /usr/bin/cmake --build /home/abc/MDH/ros_ws/build/motor_control_v2 -- -j8 -l8
