[0.020s] Invoking command in '/home/abc/MDH/ros_ws/build/motor_control_v2': AMENT_PREFIX_PATH=/home/abc/MDH/ros_ws/install/motor_control_command_msgs:${AMENT_PREFIX_PATH} CMAKE_PREFIX_PATH=/home/abc/MDH/ros_ws/install/motor_control_command_msgs:/opt/ros/humble LD_LIBRARY_PATH=/home/abc/MDH/ros_ws/install/motor_control_command_msgs/lib:${LD_LIBRARY_PATH} PYTHONPATH=/home/abc/MDH/ros_ws/install/motor_control_command_msgs/local/lib/python3.10/dist-packages:${PYTHONPATH} /usr/bin/cmake /home/abc/MDH/ros_ws/src/motor_control_v2 -DCMAKE_INSTALL_PREFIX=/home/abc/MDH/ros_ws/install/motor_control_v2
[0.093s] -- The C compiler identification is GNU 11.4.0
[0.156s] -- The CXX compiler identification is GNU 11.4.0
[0.162s] -- Detecting C compiler ABI info
[0.258s] -- Detecting C compiler ABI info - done
[0.264s] -- Check for working C compiler: /usr/bin/cc - skipped
[0.264s] -- Detecting C compile features
[0.265s] -- Detecting C compile features - done
[0.267s] -- Detecting CXX compiler ABI info
[0.365s] -- Detecting CXX compiler ABI info - done
[0.374s] -- Check for working CXX compiler: /usr/bin/c++ - skipped
[0.374s] -- Detecting CXX compile features
[0.374s] -- Detecting CXX compile features - done
[0.378s] -- Found ament_cmake: 1.3.11 (/opt/ros/humble/share/ament_cmake/cmake)
[0.552s] -- Found Python3: /usr/bin/python3 (found version "3.10.12") found components: Interpreter 
[0.652s] -- Found rclcpp: 16.0.11 (/opt/ros/humble/share/rclcpp/cmake)
[0.696s] -- Found rosidl_generator_c: 3.1.6 (/opt/ros/humble/share/rosidl_generator_c/cmake)
[0.701s] -- Found rosidl_adapter: 3.1.6 (/opt/ros/humble/share/rosidl_adapter/cmake)
[0.714s] -- Found rosidl_generator_cpp: 3.1.6 (/opt/ros/humble/share/rosidl_generator_cpp/cmake)
[0.728s] -- Using all available rosidl_typesupport_c: rosidl_typesupport_fastrtps_c;rosidl_typesupport_introspection_c
[0.747s] -- Using all available rosidl_typesupport_cpp: rosidl_typesupport_fastrtps_cpp;rosidl_typesupport_introspection_cpp
[0.792s] -- Found rmw_implementation_cmake: 6.1.2 (/opt/ros/humble/share/rmw_implementation_cmake/cmake)
[0.794s] -- Found rmw_fastrtps_cpp: 6.2.7 (/opt/ros/humble/share/rmw_fastrtps_cpp/cmake)
[0.888s] -- Found OpenSSL: /usr/lib/x86_64-linux-gnu/libcrypto.so (found version "3.0.2")  
[0.918s] -- Found FastRTPS: /opt/ros/humble/include  
[0.956s] -- Using RMW implementation 'rmw_fastrtps_cpp' as default
[0.964s] -- Looking for pthread.h
[1.043s] -- Looking for pthread.h - found
[1.044s] -- Performing Test CMAKE_HAVE_LIBC_PTHREAD
[1.120s] -- Performing Test CMAKE_HAVE_LIBC_PTHREAD - Success
[1.121s] -- Found Threads: TRUE  
[1.178s] -- Found rclpy: 3.3.15 (/opt/ros/humble/share/rclpy/cmake)
[1.178s] -- Found motor_control_command_msgs: 0.0.0 (/home/abc/MDH/ros_ws/install/motor_control_command_msgs/share/motor_control_command_msgs/cmake)
[1.278s] -- Configuring done
[1.290s] -- Generating done
[1.298s] -- Build files have been written to: /home/abc/MDH/ros_ws/build/motor_control_v2
[1.307s] Invoked command in '/home/abc/MDH/ros_ws/build/motor_control_v2' returned '0': AMENT_PREFIX_PATH=/home/abc/MDH/ros_ws/install/motor_control_command_msgs:${AMENT_PREFIX_PATH} CMAKE_PREFIX_PATH=/home/abc/MDH/ros_ws/install/motor_control_command_msgs:/opt/ros/humble LD_LIBRARY_PATH=/home/abc/MDH/ros_ws/install/motor_control_command_msgs/lib:${LD_LIBRARY_PATH} PYTHONPATH=/home/abc/MDH/ros_ws/install/motor_control_command_msgs/local/lib/python3.10/dist-packages:${PYTHONPATH} /usr/bin/cmake /home/abc/MDH/ros_ws/src/motor_control_v2 -DCMAKE_INSTALL_PREFIX=/home/abc/MDH/ros_ws/install/motor_control_v2
[1.309s] Invoking command in '/home/abc/MDH/ros_ws/build/motor_control_v2': AMENT_PREFIX_PATH=/home/abc/MDH/ros_ws/install/motor_control_command_msgs:${AMENT_PREFIX_PATH} CMAKE_PREFIX_PATH=/home/abc/MDH/ros_ws/install/motor_control_command_msgs:/opt/ros/humble LD_LIBRARY_PATH=/home/abc/MDH/ros_ws/install/motor_control_command_msgs/lib:${LD_LIBRARY_PATH} PYTHONPATH=/home/abc/MDH/ros_ws/install/motor_control_command_msgs/local/lib/python3.10/dist-packages:${PYTHONPATH} /usr/bin/cmake --build /home/abc/MDH/ros_ws/build/motor_control_v2 -- -j8 -l8
[1.379s] [  9%] [32mBuilding CXX object CMakeFiles/motor_control_node.dir/src/Node.cpp.o[0m
[1.379s] [ 18%] [32mBuilding CXX object CMakeFiles/motor_control_node.dir/src/motor_command.cpp.o[0m
[1.380s] [ 27%] [32mBuilding CXX object CMakeFiles/motor_control_node.dir/src/main.cpp.o[0m
[1.384s] [ 36%] [32mBuilding CXX object CMakeFiles/motor_control_node.dir/src/serial_communication.cpp.o[0m
[1.384s] [ 45%] [32mBuilding CXX object CMakeFiles/motor_control_node.dir/src/motor_config.cpp.o[0m
[1.391s] [ 63%] [32mBuilding CXX object CMakeFiles/motor_control_node.dir/src/internal_http_server.cpp.o[0m
[1.392s] [ 63%] [32mBuilding CXX object CMakeFiles/motor_control_node.dir/src/ros2_communication.cpp.o[0m
[1.392s] [ 72%] [32mBuilding CXX object CMakeFiles/motor_control_node.dir/src/http_server.cpp.o[0m
[10.843s] In file included from [01m[K/opt/ros/humble/include/rclcpp/rclcpp/logging.hpp:24[m[K,
[10.850s]                  from [01m[K/opt/ros/humble/include/rclcpp/rclcpp/client.hpp:40[m[K,
[10.851s]                  from [01m[K/opt/ros/humble/include/rclcpp/rclcpp/callback_group.hpp:24[m[K,
[10.852s]                  from [01m[K/opt/ros/humble/include/rclcpp/rclcpp/any_executable.hpp:20[m[K,
[10.853s]                  from [01m[K/opt/ros/humble/include/rclcpp/rclcpp/memory_strategy.hpp:25[m[K,
[10.854s]                  from [01m[K/opt/ros/humble/include/rclcpp/rclcpp/memory_strategies.hpp:18[m[K,
[10.855s]                  from [01m[K/opt/ros/humble/include/rclcpp/rclcpp/executor_options.hpp:20[m[K,
[10.860s]                  from [01m[K/opt/ros/humble/include/rclcpp/rclcpp/executor.hpp:37[m[K,
[10.862s]                  from [01m[K/opt/ros/humble/include/rclcpp/rclcpp/executors/multi_threaded_executor.hpp:25[m[K,
[10.862s]                  from [01m[K/opt/ros/humble/include/rclcpp/rclcpp/executors.hpp:21[m[K,
[10.862s]                  from [01m[K/opt/ros/humble/include/rclcpp/rclcpp/rclcpp.hpp:155[m[K,
[10.862s]                  from [01m[K/home/abc/MDH/ros_ws/src/motor_control_v2/include/motor_control_v2/serial_communication.hpp:4[m[K,
[10.863s]                  from [01m[K/home/abc/MDH/ros_ws/src/motor_control_v2/src/serial_communication.cpp:1[m[K:
[10.863s] [01m[K/home/abc/MDH/ros_ws/src/motor_control_v2/src/serial_communication.cpp:[m[K In member function ‚Äò[01m[Kvoid motor_control_v2::SerialCommunication::Implementation::initSerialPort()[m[K‚Äô:
[10.863s] [01m[K/home/abc/MDH/ros_ws/src/motor_control_v2/src/serial_communication.cpp:50:46:[m[K [01;35m[Kwarning: [m[Kformat ‚Äò[01m[K%s[m[K‚Äô expects a matching ‚Äò[01m[Kchar*[m[K‚Äô argument [[01;35m[K]8;;https://gcc.gnu.org/onlinedocs/gcc/Warning-Options.html#index-Wformat=-Wformat=]8;;[m[K]
[10.863s]    50 |             RCLCPP_INFO(node_->get_logger(), [01;35m[K"Serial port opened successfully at %s with baud rate %d"[m[K);
[10.863s]       |                                              [01;35m[K^~~~~~~~~~~~~~~~~~~~~~~~~~~~~~~~~~~~~~~~~~~~~~~~~~~~~~~~~[m[K
[10.864s] [01m[K/home/abc/MDH/ros_ws/src/motor_control_v2/src/serial_communication.cpp:50:83:[m[K [01;36m[Knote: [m[Kformat string is defined here
[10.864s]    50 |             RCLCPP_INFO(node_->get_logger(), "Serial port opened successfully at [01;36m[K%s[m[K with baud rate %d");
[10.864s]       |                                                                                  [01;36m[K~^[m[K
[10.864s]       |                                                                                   [01;36m[K|[m[K
[10.864s]       |                                                                                   [01;36m[Kchar*[m[K
[10.864s] In file included from [01m[K/opt/ros/humble/include/rclcpp/rclcpp/logging.hpp:24[m[K,
[10.875s]                  from [01m[K/opt/ros/humble/include/rclcpp/rclcpp/client.hpp:40[m[K,
[10.876s]                  from [01m[K/opt/ros/humble/include/rclcpp/rclcpp/callback_group.hpp:24[m[K,
[10.878s]                  from [01m[K/opt/ros/humble/include/rclcpp/rclcpp/any_executable.hpp:20[m[K,
[10.879s]                  from [01m[K/opt/ros/humble/include/rclcpp/rclcpp/memory_strategy.hpp:25[m[K,
[10.879s]                  from [01m[K/opt/ros/humble/include/rclcpp/rclcpp/memory_strategies.hpp:18[m[K,
[10.879s]                  from [01m[K/opt/ros/humble/include/rclcpp/rclcpp/executor_options.hpp:20[m[K,
[10.879s]                  from [01m[K/opt/ros/humble/include/rclcpp/rclcpp/executor.hpp:37[m[K,
[10.879s]                  from [01m[K/opt/ros/humble/include/rclcpp/rclcpp/executors/multi_threaded_executor.hpp:25[m[K,
[10.879s]                  from [01m[K/opt/ros/humble/include/rclcpp/rclcpp/executors.hpp:21[m[K,
[10.880s]                  from [01m[K/opt/ros/humble/include/rclcpp/rclcpp/rclcpp.hpp:155[m[K,
[10.880s]                  from [01m[K/home/abc/MDH/ros_ws/src/motor_control_v2/include/motor_control_v2/serial_communication.hpp:4[m[K,
[10.880s]                  from [01m[K/home/abc/MDH/ros_ws/src/motor_control_v2/src/serial_communication.cpp:1[m[K:
[10.880s] [01m[K/home/abc/MDH/ros_ws/src/motor_control_v2/src/serial_communication.cpp:50:46:[m[K [01;35m[Kwarning: [m[Kformat ‚Äò[01m[K%d[m[K‚Äô expects a matching ‚Äò[01m[Kint[m[K‚Äô argument [[01;35m[K]8;;https://gcc.gnu.org/onlinedocs/gcc/Warning-Options.html#index-Wformat=-Wformat=]8;;[m[K]
[10.880s]    50 |             RCLCPP_INFO(node_->get_logger(), [01;35m[K"Serial port opened successfully at %s with baud rate %d"[m[K);
[10.880s]       |                                              [01;35m[K^~~~~~~~~~~~~~~~~~~~~~~~~~~~~~~~~~~~~~~~~~~~~~~~~~~~~~~~~[m[K
[10.880s] [01m[K/home/abc/MDH/ros_ws/src/motor_control_v2/src/serial_communication.cpp:50:101:[m[K [01;36m[Knote: [m[Kformat string is defined here
[10.880s]    50 |             RCLCPP_INFO(node_->get_logger(), "Serial port opened successfully at %s with baud rate [01;36m[K%d[m[K");
[10.880s]       |                                                                                                    [01;36m[K~^[m[K
[10.881s]       |                                                                                                     [01;36m[K|[m[K
[10.881s]       |                                                                                                     [01;36m[Kint[m[K
[13.944s] [ 81%] [32mBuilding CXX object CMakeFiles/motor_control_node.dir/home/abc/MDH/thirdparty/serial/src/Serial.cpp.o[0m
[14.002s] [ 90%] [32mBuilding CXX object CMakeFiles/motor_control_node.dir/home/abc/MDH/thirdparty/serial/src/SerialImplUnix.cpp.o[0m
[15.150s] [01m[K/home/abc/MDH/ros_ws/src/motor_control_v2/src/motor_command.cpp:[m[K In constructor ‚Äò[01m[Kmotor_control_v2::MotorCommand::MotorCommand(rclcpp::Node::SharedPtr, const string&, int)[m[K‚Äô:
[15.151s] [01m[K/home/abc/MDH/ros_ws/src/motor_control_v2/src/motor_command.cpp:35:66:[m[K [01;35m[Kwarning: [m[Kmissing initializer for member ‚Äò[01m[Kmotor_control_v2::MotorCommand::Implementation::serial_communication_[m[K‚Äô [[01;35m[K]8;;https://gcc.gnu.org/onlinedocs/gcc/Warning-Options.html#index-Wmissing-field-initializers-Wmissing-field-initializers]8;;[m[K]
[15.152s]    35 |               Implementation{node, serial_port.c_str(), baud_rate[01;35m[K}[m[K))
[15.152s]       |                                                                  [01;35m[K^[m[K
[15.311s] [01m[K/home/abc/MDH/ros_ws/src/motor_control_v2/src/motor_command.cpp:[m[K In member function ‚Äò[01m[Kvoid motor_control_v2::MotorCommand::Implementation::send_serial_command_async(std::vector<unsigned char>)[m[K‚Äô:
[15.312s] [01m[K/home/abc/MDH/ros_ws/src/motor_control_v2/src/motor_command.cpp:194:23:[m[K [01;35m[Kwarning: [m[Kignoring return value of ‚Äò[01m[Kstd::future<typename std::__invoke_result<typename std::decay<_Tp>::type, typename std::decay<_Args>::type ...>::type> std::async(std::launch, _Fn&&, _Args&& ...) [with _Fn = motor_control_v2::MotorCommand::Implementation::send_serial_command_async(std::vector<unsigned char>)::<lambda()>; _Args = {}; typename std::__invoke_result<typename std::decay<_Tp>::type, typename std::decay<_Args>::type ...>::type = void; typename std::decay<_Tp>::type = std::decay<motor_control_v2::MotorCommand::Implementation::send_serial_command_async(std::vector<unsigned char>)::<lambda()> >::type][m[K‚Äô, declared with attribute ‚Äò[01m[Knodiscard[m[K‚Äô [[01;35m[K]8;;https://gcc.gnu.org/onlinedocs/gcc/Warning-Options.html#index-Wunused-result-Wunused-result]8;;[m[K]
[15.314s]   194 |                     })[01;35m[K;[m[K
[15.315s]       |                       [01;35m[K^[m[K
[15.316s] In file included from [01m[K/opt/ros/humble/include/rclcpp/rclcpp/executors.hpp:18[m[K,
[15.317s]                  from [01m[K/opt/ros/humble/include/rclcpp/rclcpp/rclcpp.hpp:155[m[K,
[15.318s]                  from [01m[K/home/abc/MDH/ros_ws/src/motor_control_v2/include/motor_control_v2/motor_command.hpp:5[m[K,
[15.323s]                  from [01m[K/home/abc/MDH/ros_ws/src/motor_control_v2/src/motor_command.cpp:1[m[K:
[15.324s] [01m[K/usr/include/c++/11/future:1768:5:[m[K [01;36m[Knote: [m[Kdeclared here
[15.327s]  1768 |     [01;36m[Kasync[m[K(launch __policy, _Fn&& __fn, _Args&&... __args)
[15.327s]       |     [01;36m[K^~~~~[m[K
[15.562s] [01m[K/home/abc/MDH/ros_ws/src/motor_control_v2/src/motor_config.cpp:[m[K In member function ‚Äò[01m[Kvoid MotorConfig::update_motor_status(const string&)[m[K‚Äô:
[15.562s] [01m[K/home/abc/MDH/ros_ws/src/motor_control_v2/src/motor_config.cpp:38:58:[m[K [01;35m[Kwarning: [m[Kunused parameter ‚Äò[01m[Kfeedback[m[K‚Äô [[01;35m[K]8;;https://gcc.gnu.org/onlinedocs/gcc/Warning-Options.html#index-Wunused-parameter-Wunused-parameter]8;;[m[K]
[15.563s]    38 | void MotorConfig::update_motor_status([01;35m[Kconst std::string &feedback[m[K)
[15.563s]       |                                       [01;35m[K~~~~~~~~~~~~~~~~~~~^~~~~~~~[m[K
[15.822s] [01m[K/home/abc/MDH/ros_ws/src/motor_control_v2/src/internal_http_server.cpp:[m[K In constructor ‚Äò[01m[Kmotor_control_v2::InternalHttpServer::Implementation::Implementation(rclcpp::Node::SharedPtr, const string&, int, const string&, int)[m[K‚Äô:
[15.822s] [01m[K/home/abc/MDH/ros_ws/src/motor_control_v2/src/internal_http_server.cpp:43:13:[m[K [01;35m[Kwarning: [m[K‚Äò[01m[Kmotor_control_v2::InternalHttpServer::Implementation::port[m[K‚Äô will be initialized after [[01;35m[K]8;;https://gcc.gnu.org/onlinedocs/gcc/Warning-Options.html#index-Wreorder-Wreorder]8;;[m[K]
[15.824s]    43 |         int [01;35m[Kport[m[K;
[15.824s]       |             [01;35m[K^~~~[m[K
[15.825s] [01m[K/home/abc/MDH/ros_ws/src/motor_control_v2/src/internal_http_server.cpp:33:39:[m[K [01;35m[Kwarning: [m[K  ‚Äò[01m[Kstd::shared_ptr<motor_control_v2::MotorCommand> motor_control_v2::InternalHttpServer::Implementation::motor_command_ptr[m[K‚Äô [[01;35m[K]8;;https://gcc.gnu.org/onlinedocs/gcc/Warning-Options.html#index-Wreorder-Wreorder]8;;[m[K]
[15.825s]    33 |         std::shared_ptr<MotorCommand> [01;35m[Kmotor_command_ptr[m[K;
[15.825s]       |                                       [01;35m[K^~~~~~~~~~~~~~~~~[m[K
[15.825s] [01m[K/home/abc/MDH/ros_ws/src/motor_control_v2/src/internal_http_server.cpp:8:9:[m[K [01;35m[Kwarning: [m[K  when initialized here [[01;35m[K]8;;https://gcc.gnu.org/onlinedocs/gcc/Warning-Options.html#index-Wreorder-Wreorder]8;;[m[K]
[15.825s]     8 |         [01;35m[KImplementation[m[K(rclcpp::Node::SharedPtr node,
[15.825s]       |         [01;35m[K^~~~~~~~~~~~~~[m[K
[15.833s] [01m[K/home/abc/MDH/ros_ws/src/motor_control_v2/src/internal_http_server.cpp:[m[K At global scope:
[15.834s] [01m[K/home/abc/MDH/ros_ws/src/motor_control_v2/src/internal_http_server.cpp:61:45:[m[K [01;31m[Kerror: [m[Kdefinition of implicitly-declared ‚Äò[01m[Kmotor_control_v2::InternalHttpServer::~InternalHttpServer()[m[K‚Äô
[15.834s]    61 |     InternalHttpServer::~InternalHttpServer([01;31m[K)[m[K
[15.834s]       |                                             [01;31m[K^[m[K
[16.339s] [01m[K/home/abc/MDH/ros_ws/src/motor_control_v2/src/Node.cpp:[m[K In member function ‚Äò[01m[Kvoid motor_control_v2::MotorControlApp::query_motor_state()[m[K‚Äô:
[16.340s] [01m[K/home/abc/MDH/ros_ws/src/motor_control_v2/src/Node.cpp:62:31:[m[K [01;35m[Kwarning: [m[Kcomparison of integer expressions of different signedness: ‚Äò[01m[Kint[m[K‚Äô and ‚Äò[01m[Knlohmann::json_abi_v3_11_3::basic_json<>::size_type[m[K‚Äô {aka ‚Äò[01m[Klong unsigned int[m[K‚Äô} [[01;35m[K]8;;https://gcc.gnu.org/onlinedocs/gcc/Warning-Options.html#index-Wsign-compare-Wsign-compare]8;;[m[K]
[16.341s]    62 |             for (int i = 0; [01;35m[Ki < motor_state_.size()[m[K ; i++)
[16.343s]       |                             [01;35m[K~~^~~~~~~~~~~~~~~~~~~~~[m[K
[16.344s] [01m[K/home/abc/MDH/ros_ws/src/motor_control_v2/src/Node.cpp:[m[K In member function ‚Äò[01m[Kvoid motor_control_v2::MotorControlApp::update_motor_state(std::vector<unsigned char>)[m[K‚Äô:
[16.344s] [01m[K/home/abc/MDH/ros_ws/src/motor_control_v2/src/Node.cpp:76:73:[m[K [01;35m[Kwarning: [m[Kunused parameter ‚Äò[01m[Kfeedback[m[K‚Äô [[01;35m[K]8;;https://gcc.gnu.org/onlinedocs/gcc/Warning-Options.html#index-Wunused-parameter-Wunused-parameter]8;;[m[K]
[16.344s]    76 |     void MotorControlApp::update_motor_state([01;35m[Kstd::vector<unsigned char> feedback[m[K)
[16.344s]       |                                              [01;35m[K~~~~~~~~~~~~~~~~~~~~~~~~~~~^~~~~~~~[m[K
[16.832s] In file included from [01m[K/home/abc/MDH/ros_ws/src/motor_control_v2/include/motor_control_v2/motor_command.hpp:10[m[K,
[16.833s]                  from [01m[K/home/abc/MDH/ros_ws/src/motor_control_v2/include/motor_control_v2/internal_http_server.hpp:25[m[K,
[16.834s]                  from [01m[K/home/abc/MDH/ros_ws/src/motor_control_v2/src/internal_http_server.cpp:1[m[K:
[16.837s] /home/abc/MDH/ros_ws/src/motor_control_v2/../rmf_utils/rmf_utils/include/rmf_utils/impl_ptr.hpp: In instantiation of ‚Äò[01m[Krmf_utils::impl_ptr<T> rmf_utils::make_impl(Args&& ...) [with T = motor_control_v2::InternalHttpServer::Implementation; Args = {motor_control_v2::InternalHttpServer::Implementation}][m[K‚Äô:
[16.837s] [01m[K/home/abc/MDH/ros_ws/src/motor_control_v2/src/internal_http_server.cpp:54:54:[m[K   required from here
[16.837s] [01m[K/home/abc/MDH/ros_ws/src/motor_control_v2/../rmf_utils/rmf_utils/include/rmf_utils/impl_ptr.hpp:479:22:[m[K [01;31m[Kerror: [m[Kuse of deleted function ‚Äò[01m[Kmotor_control_v2::InternalHttpServer::Implementation::Implementation(motor_control_v2::InternalHttpServer::Implementation&&)[m[K‚Äô
[16.837s]   479 |   return impl_ptr<T>([01;31m[Knew T(std::forward<Args>([m[K
[16.837s]       |                      [01;31m[K^~~~~~~~~~~~~~~~~~~~~~~~~[m[K
[16.838s]   480 | [01;31m[K        args)...)[m[K, &details::default_delete<T>, &details::default_copy<T>);
[16.838s]       |         [01;31m[K~~~~~~~~~[m[K     
[16.838s] [01m[K/home/abc/MDH/ros_ws/src/motor_control_v2/src/internal_http_server.cpp:5:31:[m[K [01;36m[Knote: [m[K‚Äò[01m[Kmotor_control_v2::InternalHttpServer::Implementation::Implementation(motor_control_v2::InternalHttpServer::Implementation&&)[m[K‚Äô is implicitly deleted because the default definition would be ill-formed:
[16.838s]     5 |     class InternalHttpServer::[01;36m[KImplementation[m[K
[16.838s]       |                               [01;36m[K^~~~~~~~~~~~~~[m[K
[16.838s] [01m[K/home/abc/MDH/ros_ws/src/motor_control_v2/src/internal_http_server.cpp:5:31:[m[K [01;31m[Kerror: [m[Kuse of deleted function ‚Äò[01m[Kstd::mutex::mutex(const std::mutex&)[m[K‚Äô
[16.838s] In file included from [01m[K/usr/include/c++/11/condition_variable:40[m[K,
[16.838s]                  from [01m[K/home/abc/MDH/ros_ws/src/motor_control_v2/../../../thirdparty/cpp-httplib/httplib.h:238[m[K,
[16.838s]                  from [01m[K/home/abc/MDH/ros_ws/src/motor_control_v2/include/motor_control_v2/http_server.hpp:4[m[K,
[16.839s]                  from [01m[K/home/abc/MDH/ros_ws/src/motor_control_v2/include/motor_control_v2/internal_http_server.hpp:24[m[K,
[16.839s]                  from [01m[K/home/abc/MDH/ros_ws/src/motor_control_v2/src/internal_http_server.cpp:1[m[K:
[16.839s] [01m[K/usr/include/c++/11/bits/std_mutex.h:94:5:[m[K [01;36m[Knote: [m[Kdeclared here
[16.839s]    94 |     [01;36m[Kmutex[m[K(const mutex&) = delete;
[16.839s]       |     [01;36m[K^~~~~[m[K
[16.839s] [01m[K/home/abc/MDH/ros_ws/src/motor_control_v2/src/internal_http_server.cpp:5:31:[m[K [01;31m[Kerror: [m[Kuse of deleted function ‚Äò[01m[Kstd::mutex::mutex(const std::mutex&)[m[K‚Äô
[16.840s]     5 |     class InternalHttpServer::[01;31m[KImplementation[m[K
[16.840s]       |                               [01;31m[K^~~~~~~~~~~~~~[m[K
[16.840s] In file included from [01m[K/usr/include/c++/11/condition_variable:40[m[K,
[16.840s]                  from [01m[K/home/abc/MDH/ros_ws/src/motor_control_v2/../../../thirdparty/cpp-httplib/httplib.h:238[m[K,
[16.840s]                  from [01m[K/home/abc/MDH/ros_ws/src/motor_control_v2/include/motor_control_v2/http_server.hpp:4[m[K,
[16.840s]                  from [01m[K/home/abc/MDH/ros_ws/src/motor_control_v2/include/motor_control_v2/internal_http_server.hpp:24[m[K,
[16.840s]                  from [01m[K/home/abc/MDH/ros_ws/src/motor_control_v2/src/internal_http_server.cpp:1[m[K:
[16.840s] [01m[K/usr/include/c++/11/bits/std_mutex.h:94:5:[m[K [01;36m[Knote: [m[Kdeclared here
[16.840s]    94 |     [01;36m[Kmutex[m[K(const mutex&) = delete;
[16.846s]       |     [01;36m[K^~~~~[m[K
[21.001s] gmake[2]: *** [CMakeFiles/motor_control_node.dir/build.make:174ÔºöCMakeFiles/motor_control_node.dir/src/internal_http_server.cpp.o] ÈîôËØØ 1
[21.001s] gmake[2]: *** Ê≠£Âú®Á≠âÂæÖÊú™ÂÆåÊàêÁöÑ‰ªªÂä°....
[24.653s] gmake[1]: *** [CMakeFiles/Makefile2:137ÔºöCMakeFiles/motor_control_node.dir/all] ÈîôËØØ 2
[24.653s] gmake: *** [Makefile:146Ôºöall] ÈîôËØØ 2
[24.655s] Invoked command in '/home/abc/MDH/ros_ws/build/motor_control_v2' returned '2': AMENT_PREFIX_PATH=/home/abc/MDH/ros_ws/install/motor_control_command_msgs:${AMENT_PREFIX_PATH} CMAKE_PREFIX_PATH=/home/abc/MDH/ros_ws/install/motor_control_command_msgs:/opt/ros/humble LD_LIBRARY_PATH=/home/abc/MDH/ros_ws/install/motor_control_command_msgs/lib:${LD_LIBRARY_PATH} PYTHONPATH=/home/abc/MDH/ros_ws/install/motor_control_command_msgs/local/lib/python3.10/dist-packages:${PYTHONPATH} /usr/bin/cmake --build /home/abc/MDH/ros_ws/build/motor_control_v2 -- -j8 -l8
