[0.013s] Invoking command in '/home/abc/MDH/ros_ws/build/motor_control_v2': AMENT_PREFIX_PATH=/home/abc/MDH/ros_ws/install/motor_control_command_msgs:${AMENT_PREFIX_PATH} CMAKE_PREFIX_PATH=/home/abc/MDH/ros_ws/install/motor_control_command_msgs:/opt/ros/humble LD_LIBRARY_PATH=/home/abc/MDH/ros_ws/install/motor_control_command_msgs/lib:${LD_LIBRARY_PATH} PYTHONPATH=/home/abc/MDH/ros_ws/install/motor_control_command_msgs/local/lib/python3.10/dist-packages:${PYTHONPATH} /usr/bin/cmake --build /home/abc/MDH/ros_ws/build/motor_control_v2 -- -j8 -l8
[0.067s] [35m[1mConsolidate compiler generated dependencies of target motor_control_node[0m
[0.093s] [  9%] [32mBuilding CXX object CMakeFiles/motor_control_node.dir/src/internal_http_server.cpp.o[0m
[3.185s] [01m[K/home/abc/MDH/ros_ws/src/motor_control_v2/src/internal_http_server.cpp:[m[K In constructor â€˜[01m[Kmotor_control_v2::InternalHttpServer::Implementation::Implementation(rclcpp::Node::SharedPtr, const string&, int, const string&, int)[m[Kâ€™:
[3.185s] [01m[K/home/abc/MDH/ros_ws/src/motor_control_v2/src/internal_http_server.cpp:57:13:[m[K [01;35m[Kwarning: [m[Kâ€˜[01m[Kmotor_control_v2::InternalHttpServer::Implementation::port[m[Kâ€™ will be initialized after [[01;35m[K]8;;https://gcc.gnu.org/onlinedocs/gcc/Warning-Options.html#index-Wreorder-Wreorder]8;;[m[K]
[3.185s]    57 |         int [01;35m[Kport[m[K;
[3.185s]       |             [01;35m[K^~~~[m[K
[3.185s] [01m[K/home/abc/MDH/ros_ws/src/motor_control_v2/src/internal_http_server.cpp:47:39:[m[K [01;35m[Kwarning: [m[K  â€˜[01m[Kstd::shared_ptr<motor_control_v2::MotorCommand> motor_control_v2::InternalHttpServer::Implementation::motor_command_ptr[m[Kâ€™ [[01;35m[K]8;;https://gcc.gnu.org/onlinedocs/gcc/Warning-Options.html#index-Wreorder-Wreorder]8;;[m[K]
[3.185s]    47 |         std::shared_ptr<MotorCommand> [01;35m[Kmotor_command_ptr[m[K;
[3.185s]       |                                       [01;35m[K^~~~~~~~~~~~~~~~~[m[K
[3.185s] [01m[K/home/abc/MDH/ros_ws/src/motor_control_v2/src/internal_http_server.cpp:8:9:[m[K [01;35m[Kwarning: [m[K  when initialized here [[01;35m[K]8;;https://gcc.gnu.org/onlinedocs/gcc/Warning-Options.html#index-Wreorder-Wreorder]8;;[m[K]
[3.185s]     8 |         [01;35m[KImplementation[m[K(rclcpp::Node::SharedPtr node,
[3.185s]       |         [01;35m[K^~~~~~~~~~~~~~[m[K
[3.187s] [01m[K/home/abc/MDH/ros_ws/src/motor_control_v2/src/internal_http_server.cpp:[m[K In constructor â€˜[01m[Kmotor_control_v2::InternalHttpServer::InternalHttpServer(rclcpp::Node::SharedPtr, const string&, int, const string&, int)[m[Kâ€™:
[3.187s] [01m[K/home/abc/MDH/ros_ws/src/motor_control_v2/src/internal_http_server.cpp:69:71:[m[K [01;31m[Kerror: [m[Kexpected â€˜[01m[K{[m[Kâ€™ before â€˜[01m[K)[m[Kâ€™ token
[3.187s]    69 |               Implementation{node, serial_port, baud_rate, ip, port}))[01;31m[K)[m[K
[3.187s]       |                                                                       [01;31m[K^[m[K
[3.187s] [01m[K/home/abc/MDH/ros_ws/src/motor_control_v2/src/internal_http_server.cpp:[m[K At global scope:
[3.187s] [01m[K/home/abc/MDH/ros_ws/src/motor_control_v2/src/internal_http_server.cpp:69:71:[m[K [01;31m[Kerror: [m[Kexpected unqualified-id before â€˜[01m[K)[m[Kâ€™ token
[3.187s] [01m[K/home/abc/MDH/ros_ws/src/motor_control_v2/src/internal_http_server.cpp:75:45:[m[K [01;31m[Kerror: [m[Kdefinition of implicitly-declared â€˜[01m[Kmotor_control_v2::InternalHttpServer::~InternalHttpServer()[m[Kâ€™
[3.187s]    75 |     InternalHttpServer::~InternalHttpServer([01;31m[K)[m[K
[3.187s]       |                                             [01;31m[K^[m[K
[3.247s] [01m[K/home/abc/MDH/ros_ws/src/motor_control_v2/src/internal_http_server.cpp:[m[K In member function â€˜[01m[Kvoid motor_control_v2::InternalHttpServer::Implementation::initialize_motor_state(int)[m[Kâ€™:
[3.247s] [01m[K/home/abc/MDH/ros_ws/src/motor_control_v2/src/internal_http_server.cpp:161:73:[m[K [01;35m[Kwarning: [m[Kunused parameter â€˜[01m[Kmotor_count[m[Kâ€™ [[01;35m[K]8;;https://gcc.gnu.org/onlinedocs/gcc/Warning-Options.html#index-Wunused-parameter-Wunused-parameter]8;;[m[K]
[3.247s]   161 |     void InternalHttpServer::Implementation::initialize_motor_state([01;35m[Kint motor_count[m[K)
[3.247s]       |                                                                     [01;35m[K~~~~^~~~~~~~~~~[m[K
[3.520s] In file included from [01m[K/home/abc/MDH/ros_ws/src/motor_control_v2/include/motor_control_v2/motor_command.hpp:10[m[K,
[3.520s]                  from [01m[K/home/abc/MDH/ros_ws/src/motor_control_v2/include/motor_control_v2/internal_http_server.hpp:25[m[K,
[3.520s]                  from [01m[K/home/abc/MDH/ros_ws/src/motor_control_v2/src/internal_http_server.cpp:1[m[K:
[3.520s] /home/abc/MDH/ros_ws/src/motor_control_v2/../rmf_utils/rmf_utils/include/rmf_utils/impl_ptr.hpp: In instantiation of â€˜[01m[Krmf_utils::impl_ptr<T> rmf_utils::make_impl(Args&& ...) [with T = motor_control_v2::InternalHttpServer::Implementation; Args = {motor_control_v2::InternalHttpServer::Implementation}][m[Kâ€™:
[3.520s] [01m[K/home/abc/MDH/ros_ws/src/motor_control_v2/src/internal_http_server.cpp:68:54:[m[K   required from here
[3.520s] [01m[K/home/abc/MDH/ros_ws/src/motor_control_v2/../rmf_utils/rmf_utils/include/rmf_utils/impl_ptr.hpp:479:22:[m[K [01;31m[Kerror: [m[Kuse of deleted function â€˜[01m[Kmotor_control_v2::InternalHttpServer::Implementation::Implementation(motor_control_v2::InternalHttpServer::Implementation&&)[m[Kâ€™
[3.520s]   479 |   return impl_ptr<T>([01;31m[Knew T(std::forward<Args>([m[K
[3.520s]       |                      [01;31m[K^~~~~~~~~~~~~~~~~~~~~~~~~[m[K
[3.520s]   480 | [01;31m[K        args)...)[m[K, &details::default_delete<T>, &details::default_copy<T>);
[3.520s]       |         [01;31m[K~~~~~~~~~[m[K     
[3.520s] [01m[K/home/abc/MDH/ros_ws/src/motor_control_v2/src/internal_http_server.cpp:29:9:[m[K [01;36m[Knote: [m[Kdeclared here
[3.520s]    29 |         [01;36m[KImplementation[m[K(Implementation &&) = delete;
[3.520s]       |         [01;36m[K^~~~~~~~~~~~~~[m[K
[5.648s] gmake[2]: *** [CMakeFiles/motor_control_node.dir/build.make:174ï¼šCMakeFiles/motor_control_node.dir/src/internal_http_server.cpp.o] é”™è¯¯ 1
[5.648s] gmake[1]: *** [CMakeFiles/Makefile2:137ï¼šCMakeFiles/motor_control_node.dir/all] é”™è¯¯ 2
[5.648s] gmake: *** [Makefile:146ï¼šall] é”™è¯¯ 2
[5.651s] Invoked command in '/home/abc/MDH/ros_ws/build/motor_control_v2' returned '2': AMENT_PREFIX_PATH=/home/abc/MDH/ros_ws/install/motor_control_command_msgs:${AMENT_PREFIX_PATH} CMAKE_PREFIX_PATH=/home/abc/MDH/ros_ws/install/motor_control_command_msgs:/opt/ros/humble LD_LIBRARY_PATH=/home/abc/MDH/ros_ws/install/motor_control_command_msgs/lib:${LD_LIBRARY_PATH} PYTHONPATH=/home/abc/MDH/ros_ws/install/motor_control_command_msgs/local/lib/python3.10/dist-packages:${PYTHONPATH} /usr/bin/cmake --build /home/abc/MDH/ros_ws/build/motor_control_v2 -- -j8 -l8
