[0.014s] Invoking command in '/home/abc/MDH/ros_ws/build/motor_control_v2': AMENT_PREFIX_PATH=/home/abc/MDH/ros_ws/install/motor_control_command_msgs:${AMENT_PREFIX_PATH} CMAKE_PREFIX_PATH=/home/abc/MDH/ros_ws/install/motor_control_command_msgs:/opt/ros/humble LD_LIBRARY_PATH=/home/abc/MDH/ros_ws/install/motor_control_command_msgs/lib:${LD_LIBRARY_PATH} PYTHONPATH=/home/abc/MDH/ros_ws/install/motor_control_command_msgs/local/lib/python3.10/dist-packages:${PYTHONPATH} /usr/bin/cmake --build /home/abc/MDH/ros_ws/build/motor_control_v2 -- -j8 -l8
[0.079s] [35m[1mConsolidate compiler generated dependencies of target motor_control_node[0m
[0.114s] [  9%] [32mBuilding CXX object CMakeFiles/motor_control_node.dir/src/Node.cpp.o[0m
[4.127s] [01m[K/home/abc/MDH/ros_ws/src/motor_control_v2/src/Node.cpp:[m[K In member function â€˜[01m[Kvoid motor_control_v2::MotorControlApp::query_motor_state()[m[Kâ€™:
[4.127s] [01m[K/home/abc/MDH/ros_ws/src/motor_control_v2/src/Node.cpp:62:31:[m[K [01;35m[Kwarning: [m[Kcomparison of integer expressions of different signedness: â€˜[01m[Kint[m[Kâ€™ and â€˜[01m[Knlohmann::json_abi_v3_11_3::basic_json<>::size_type[m[Kâ€™ {aka â€˜[01m[Klong unsigned int[m[Kâ€™} [[01;35m[K]8;;https://gcc.gnu.org/onlinedocs/gcc/Warning-Options.html#index-Wsign-compare-Wsign-compare]8;;[m[K]
[4.127s]    62 |             for (int i = 0; [01;35m[Ki < motor_state_.size()[m[K ; i++)
[4.127s]       |                             [01;35m[K~~^~~~~~~~~~~~~~~~~~~~~[m[K
[4.127s] [01m[K/home/abc/MDH/ros_ws/src/motor_control_v2/src/Node.cpp:[m[K In member function â€˜[01m[Kvoid motor_control_v2::MotorControlApp::update_motor_state(std::vector<unsigned char>)[m[Kâ€™:
[4.127s] [01m[K/home/abc/MDH/ros_ws/src/motor_control_v2/src/Node.cpp:76:73:[m[K [01;35m[Kwarning: [m[Kunused parameter â€˜[01m[Kfeedback[m[Kâ€™ [[01;35m[K]8;;https://gcc.gnu.org/onlinedocs/gcc/Warning-Options.html#index-Wunused-parameter-Wunused-parameter]8;;[m[K]
[4.127s]    76 |     void MotorControlApp::update_motor_state([01;35m[Kstd::vector<unsigned char> feedback[m[K)
[4.127s]       |                                              [01;35m[K~~~~~~~~~~~~~~~~~~~~~~~~~~~^~~~~~~~[m[K
[8.956s] [ 18%] [32m[1mLinking CXX executable motor_control_node[0m
[9.711s] /usr/bin/ld: CMakeFiles/motor_control_node.dir/src/Node.cpp.o: in function `motor_control_v2::MotorControlApp::MotorControlApp(std::__cxx11::basic_string<char, std::char_traits<char>, std::allocator<char> > const&)':
[9.711s] Node.cpp:(.text+0x305): undefined reference to `motor_control_v2::MotorControlApp::process_post_request()'
[9.748s] collect2: error: ld returned 1 exit status
[9.750s] gmake[2]: *** [CMakeFiles/motor_control_node.dir/build.make:311ï¼šmotor_control_node] é”™è¯¯ 1
[9.750s] gmake[1]: *** [CMakeFiles/Makefile2:137ï¼šCMakeFiles/motor_control_node.dir/all] é”™è¯¯ 2
[9.751s] gmake: *** [Makefile:146ï¼šall] é”™è¯¯ 2
[9.753s] Invoked command in '/home/abc/MDH/ros_ws/build/motor_control_v2' returned '2': AMENT_PREFIX_PATH=/home/abc/MDH/ros_ws/install/motor_control_command_msgs:${AMENT_PREFIX_PATH} CMAKE_PREFIX_PATH=/home/abc/MDH/ros_ws/install/motor_control_command_msgs:/opt/ros/humble LD_LIBRARY_PATH=/home/abc/MDH/ros_ws/install/motor_control_command_msgs/lib:${LD_LIBRARY_PATH} PYTHONPATH=/home/abc/MDH/ros_ws/install/motor_control_command_msgs/local/lib/python3.10/dist-packages:${PYTHONPATH} /usr/bin/cmake --build /home/abc/MDH/ros_ws/build/motor_control_v2 -- -j8 -l8
